[0;34m================================================================================================[0m
[0;34mNASTRAN-95 Phase 3 File Migration[0m
[0;34m================================================================================================[0m

Base directory: /mnt/developer/git/aecs4u.it/calculix.BAK/NASTRAN-95
CSV file: /mnt/developer/git/aecs4u.it/calculix.BAK/NASTRAN-95/file_categories.csv
[0;32mMode: LIVE (files will be moved with git mv)[0m

Total files in CSV: 1847

[0;32m✓[0m Moved: mis/a42a8.f → src/utilities/helpers/a42a8.f
[0;32m✓[0m Moved: mis/adr.f → src/analysis/dynamic/adr.f
[0;32m✓[0m Moved: mis/adrprt.f → src/utilities/output/adrprt.f
[0;32m✓[0m Moved: mis/alg.f → src/core/algorithms/alg.f
[0;32m✓[0m Moved: mis/alg01.f → src/core/algorithms/alg01.f
[0;32m✓[0m Moved: mis/alg02.f → src/core/algorithms/alg02.f
[0;32m✓[0m Moved: mis/alg03.f → src/core/algorithms/alg03.f
[0;32m✓[0m Moved: mis/alg04.f → src/core/algorithms/alg04.f
[0;32m✓[0m Moved: mis/alg05.f → src/core/algorithms/alg05.f
[0;32m✓[0m Moved: mis/alg06.f → src/core/algorithms/alg06.f
[0;32m✓[0m Moved: mis/alg07.f → src/core/algorithms/alg07.f
[0;32m✓[0m Moved: mis/alg08.f → src/core/algorithms/alg08.f
[0;32m✓[0m Moved: mis/alg09.f → src/core/algorithms/alg09.f
[0;32m✓[0m Moved: mis/alg1.f → src/core/algorithms/alg1.f
[0;32m✓[0m Moved: mis/alg10.f → src/core/algorithms/alg10.f
[0;32m✓[0m Moved: mis/alg11.f → src/core/algorithms/alg11.f
[0;32m✓[0m Moved: mis/alg12.f → src/core/algorithms/alg12.f
[0;32m✓[0m Moved: mis/alg13.f → src/core/algorithms/alg13.f
[0;32m✓[0m Moved: mis/alg14.f → src/core/algorithms/alg14.f
[0;32m✓[0m Moved: mis/alg15.f → src/core/algorithms/alg15.f
[0;32m✓[0m Moved: mis/alg16.f → src/core/algorithms/alg16.f
[0;32m✓[0m Moved: mis/alg17.f → src/core/algorithms/alg17.f
[0;32m✓[0m Moved: mis/alg18.f → src/core/algorithms/alg18.f
[0;32m✓[0m Moved: mis/alg19.f → src/core/algorithms/alg19.f
[0;32m✓[0m Moved: mis/alg2.f → src/core/algorithms/alg2.f
[0;32m✓[0m Moved: mis/alg25.f → src/core/algorithms/alg25.f
[0;32m✓[0m Moved: mis/alg26.f → src/core/algorithms/alg26.f
[0;32m✓[0m Moved: mis/alg29.f → src/core/algorithms/alg29.f
[0;32m✓[0m Moved: mis/alg3.f → src/core/algorithms/alg3.f
[0;32m✓[0m Moved: mis/alg30.f → src/core/algorithms/alg30.f
[0;32m✓[0m Moved: mis/alg4.f → src/core/algorithms/alg4.f
[0;32m✓[0m Moved: mis/alg5.f → src/core/algorithms/alg5.f
[0;32m✓[0m Moved: mis/alg6.f → src/core/algorithms/alg6.f
[0;32m✓[0m Moved: mis/alg7.f → src/core/algorithms/alg7.f
[0;32m✓[0m Moved: mis/alg8.f → src/core/algorithms/alg8.f
[0;32m✓[0m Moved: mis/alg9.f → src/core/algorithms/alg9.f
[0;32m✓[0m Moved: mis/algan.f → src/core/algorithms/algan.f
[0;32m✓[0m Moved: mis/algap.f → src/core/algorithms/algap.f
[0;32m✓[0m Moved: mis/algar.f → src/core/algorithms/algar.f
[0;32m✓[0m Moved: mis/algpb.f → src/core/algorithms/algpb.f
[0;32m✓[0m Moved: mis/algpo.f → src/core/algorithms/algpo.f
[0;32m✓[0m Moved: mis/algpr.f → src/core/algorithms/algpr.f
[0;32m✓[0m Moved: mis/allmat.f → src/analysis/modal/allmat.f
[0;32m✓[0m Moved: mis/amg.f → src/elements/aero/amg.f
[0;32m✓[0m Moved: mis/amgb1.f → src/elements/aero/amgb1.f
[0;32m✓[0m Moved: mis/amgb1a.f → src/elements/aero/amgb1a.f
[0;32m✓[0m Moved: mis/amgb1b.f → src/elements/aero/amgb1b.f
[0;32m✓[0m Moved: mis/amgb1c.f → src/elements/aero/amgb1c.f
[0;32m✓[0m Moved: mis/amgb1d.f → src/elements/aero/amgb1d.f
[0;32m✓[0m Moved: mis/amgb1s.f → src/elements/aero/amgb1s.f
[0;32m✓[0m Moved: mis/amgb2.f → src/elements/aero/amgb2.f
[0;32m✓[0m Moved: mis/amgb2a.f → src/elements/aero/amgb2a.f
[0;32m✓[0m Moved: mis/amgbfs.f → src/elements/aero/amgbfs.f
[0;32m✓[0m Moved: mis/amgrod.f → src/elements/aero/amgrod.f
[0;32m✓[0m Moved: mis/amgsba.f → src/elements/aero/amgsba.f
[0;32m✓[0m Moved: mis/amgt1.f → src/elements/aero/amgt1.f
[0;32m✓[0m Moved: mis/amgt1a.f → src/elements/aero/amgt1a.f
[0;32m✓[0m Moved: mis/amgt1b.f → src/elements/aero/amgt1b.f
[0;32m✓[0m Moved: mis/amgt1c.f → src/elements/aero/amgt1c.f
[0;32m✓[0m Moved: mis/amgt1d.f → src/elements/aero/amgt1d.f
[0;32m✓[0m Moved: mis/amgt1s.f → src/elements/aero/amgt1s.f
[0;32m✓[0m Moved: mis/amgt1t.f → src/elements/aero/amgt1t.f
[0;32m✓[0m Moved: mis/amgt2.f → src/elements/aero/amgt2.f
[0;32m✓[0m Moved: mis/amgt2a.f → src/elements/aero/amgt2a.f
[0;32m✓[0m Moved: mis/amp.f → src/elements/aero/amp.f
[0;32m✓[0m Moved: mis/ampa.f → src/elements/aero/ampa.f
[0;32m✓[0m Moved: mis/ampb.f → src/elements/aero/ampb.f
[0;32m✓[0m Moved: mis/ampb1.f → src/elements/aero/ampb1.f
[0;32m✓[0m Moved: mis/ampb2.f → src/elements/aero/ampb2.f
[0;32m✓[0m Moved: mis/ampc.f → src/elements/aero/ampc.f
[0;32m✓[0m Moved: mis/ampc1.f → src/elements/aero/ampc1.f
[0;32m✓[0m Moved: mis/ampc2.f → src/elements/aero/ampc2.f
[0;32m✓[0m Moved: mis/ampd.f → src/elements/aero/ampd.f
[0;32m✓[0m Moved: mis/ampe.f → src/elements/aero/ampe.f
[0;32m✓[0m Moved: mis/ampf.f → src/elements/aero/ampf.f
[0;32m✓[0m Moved: mis/anisop.f → src/elements/solid/anisop.f
[0;32m✓[0m Moved: mis/apd.f → src/elements/aero/apd.f
[0;32m✓[0m Moved: mis/apd1.f → src/elements/aero/apd1.f
[0;32m✓[0m Moved: mis/apd12.f → src/elements/aero/apd12.f
[0;32m✓[0m Moved: mis/apd2.f → src/elements/aero/apd2.f
[0;32m✓[0m Moved: mis/apd3.f → src/elements/aero/apd3.f
[0;32m✓[0m Moved: mis/apd4.f → src/elements/aero/apd4.f
[0;32m✓[0m Moved: mis/apd5.f → src/elements/aero/apd5.f
[0;32m✓[0m Moved: mis/apdb.f → src/elements/aero/apdb.f
[0;32m✓[0m Moved: mis/apdb1.f → src/elements/aero/apdb1.f
[0;32m✓[0m Moved: mis/apdb2.f → src/elements/aero/apdb2.f
[0;32m✓[0m Moved: mis/apdb2a.f → src/elements/aero/apdb2a.f
[0;32m✓[0m Moved: mis/apdcs.f → src/elements/aero/apdcs.f
[0;32m✓[0m Moved: mis/apdf.f → src/elements/aero/apdf.f
[0;32m✓[0m Moved: mis/apdoe.f → src/elements/aero/apdoe.f
[0;32m✓[0m Moved: mis/apdr.f → src/elements/aero/apdr.f
[0;32m✓[0m Moved: mis/ascm01.f → src/system/database/ascm01.f
[0;32m✓[0m Moved: mis/ascm05.f → src/system/database/ascm05.f
[0;32m✓[0m Moved: mis/ascm06.f → src/system/database/ascm06.f
[0;32m✓[0m Moved: mis/ascm07.f → src/system/database/ascm07.f
[0;32m✓[0m Moved: mis/ascm10.f → src/system/database/ascm10.f
[0;32m✓[0m Moved: mis/asdmap.f → src/utilities/output/asdmap.f
[0;32m✓[0m Moved: mis/aspro.f → src/system/database/aspro.f
[0;32m✓[0m Moved: mis/ateig.f → src/analysis/modal/ateig.f
[0;32m✓[0m Moved: mis/autock.f → src/utilities/output/autock.f
[0;32m✓[0m Moved: mis/autosv.f → src/system/database/autosv.f
[0;32m✓[0m Moved: mis/axloop.f → src/utilities/parser/axloop.f
[0;32m✓[0m Moved: mis/bandit.f → src/utilities/helpers/bandit.f
[0;32m✓[0m Moved: mis/bar.f → src/elements/beam/bar.f
[0;32m✓[0m Moved: mis/bard.f → src/elements/beam/bard.f
[0;32m✓[0m Moved: mis/bars.f → src/elements/beam/bars.f
[0;32m✓[0m Moved: mis/betrns.f → src/utilities/output/betrns.f
[0;32m✓[0m Moved: mis/bgrid.f → src/utilities/helpers/bgrid.f
[0;32m✓[0m Moved: mis/bishel.f → src/utilities/helpers/bishel.f
[0;32m✓[0m Moved: mis/bmg.f → src/system/database/bmg.f
[0;32m✓[0m Moved: mis/bound.f → src/elements/shell/bound.f
[0;32m✓[0m Moved: mis/bread.f → src/elements/beam/bread.f
[0;32m✓[0m Moved: mis/bseqgp.f → src/utilities/output/bseqgp.f
[0;32m✓[0m Moved: mis/cdcmpd.f → src/elements/beam/cdcmpd.f
[0;32m✓[0m Moved: mis/cdcmps.f → src/elements/beam/cdcmps.f
[0;32m✓[0m Moved: mis/cdcomp.f → src/elements/beam/cdcomp.f
[0;32m✓[0m Moved: mis/cdetm.f → src/analysis/modal/cdetm.f
[0;32m✓[0m Moved: mis/cf1fbs.f → src/core/solvers/cf1fbs.f
[0;32m✓[0m Moved: mis/cf1ort.f → src/elements/beam/cf1ort.f
[0;32m✓[0m Moved: mis/cf2fbs.f → src/core/solvers/cf2fbs.f
[0;32m✓[0m Moved: mis/cf2ort.f → src/elements/beam/cf2ort.f
[0;32m✓[0m Moved: mis/cfe1ao.f → src/core/solvers/cfe1ao.f
[0;32m✓[0m Moved: mis/cfe2ao.f → src/core/solvers/cfe2ao.f
[0;32m✓[0m Moved: mis/cfeer.f → src/analysis/modal/cfeer.f
[0;32m✓[0m Moved: mis/cfeer1.f → src/utilities/helpers/cfeer1.f
[0;32m✓[0m Moved: mis/cfeer3.f → src/system/io/cfeer3.f
[0;32m✓[0m Moved: mis/cfeer4.f → src/analysis/modal/cfeer4.f
[0;32m✓[0m Moved: mis/cfer3d.f → src/utilities/helpers/cfer3d.f
[0;32m✓[0m Moved: mis/cfer3s.f → src/analysis/modal/cfer3s.f
[0;32m✓[0m Moved: mis/cfnor1.f → src/elements/beam/cfnor1.f
[0;32m✓[0m Moved: mis/cfnor2.f → src/elements/beam/cfnor2.f
[0;32m✓[0m Moved: mis/cidck.f → src/utilities/parser/cidck.f
[0;32m✓[0m Moved: mis/cifsdd.f → src/elements/beam/cifsdd.f
[0;32m✓[0m Moved: mis/cinvp3.f → src/analysis/modal/cinvp3.f
[0;32m✓[0m Moved: mis/cinvpr.f → src/analysis/modal/cinvpr.f
[0;32m✓[0m Moved: mis/clvec.f → src/analysis/modal/clvec.f
[0;32m✓[0m Moved: mis/cmiwrt.f → src/utilities/output/cmiwrt.f
[0;32m✓[0m Moved: mis/cmrd2.f → src/analysis/modal/cmrd2.f
[0;32m✓[0m Moved: mis/cmrd2a.f → src/utilities/output/cmrd2a.f
[0;32m✓[0m Moved: mis/cmrd2b.f → src/analysis/modal/cmrd2b.f
[0;32m✓[0m Moved: mis/cmrd2c.f → src/utilities/output/cmrd2c.f
[0;32m✓[0m Moved: mis/cmrd2d.f → src/analysis/modal/cmrd2d.f
[0;32m✓[0m Moved: mis/cmrd2e.f → src/utilities/helpers/cmrd2e.f
[0;32m✓[0m Moved: mis/cmrd2f.f → src/utilities/parser/cmrd2f.f
[0;32m✓[0m Moved: mis/cmrd2g.f → src/utilities/output/cmrd2g.f
[0;32m✓[0m Moved: mis/cmsfil.f → src/utilities/output/cmsfil.f
[0;32m✓[0m Moved: mis/cnstdd.f → src/elements/beam/cnstdd.f
[0;32m✓[0m Moved: mis/com12.f → src/utilities/helpers/com12.f
[0;32m✓[0m Moved: mis/comb1.f → src/utilities/parser/comb1.f
[0;32m✓[0m Moved: mis/comb2.f → src/utilities/helpers/comb2.f
[0;32m✓[0m Moved: mis/comect.f → src/elements/shell/comect.f
[0;32m✓[0m Moved: mis/comugv.f → src/utilities/helpers/comugv.f
[0;32m✓[0m Moved: mis/copy.f → src/utilities/output/copy.f
[0;32m✓[0m Moved: mis/crdrd.f → src/elements/beam/crdrd.f
[0;32m✓[0m Moved: mis/crdrd2.f → src/elements/beam/crdrd2.f
[0;32m✓[0m Moved: mis/create.f → src/elements/shell/create.f
[0;32m✓[0m Moved: mis/criggp.f → src/utilities/output/criggp.f
[0;32m✓[0m Moved: mis/crspld.f → src/utilities/parser/crspld.f
[0;32m✓[0m Moved: mis/crspls.f → src/utilities/parser/crspls.f
[0;32m✓[0m Moved: mis/cthmck.f → src/utilities/output/cthmck.f
[0;32m✓[0m Moved: mis/curcas.f → src/utilities/helpers/curcas.f
[0;32m✓[0m Moved: mis/curv1.f → src/system/database/curv1.f
[0;32m✓[0m Moved: mis/curv2.f → src/system/io/curv2.f
[0;32m✓[0m Moved: mis/curv3.f → src/system/database/curv3.f
[0;32m✓[0m Moved: mis/cyct1.f → src/utilities/helpers/cyct1.f
[0;32m✓[0m Moved: mis/cyct2.f → src/utilities/parser/cyct2.f
[0;32m✓[0m Moved: mis/dadd5.f → src/utilities/helpers/dadd5.f
[0;32m✓[0m Moved: mis/dbar.f → src/analysis/static/dbar.f
[0;32m✓[0m Moved: mis/dbase.f → src/utilities/output/dbase.f
[0;32m✓[0m Moved: mis/dcone.f → src/elements/shell/dcone.f
[0;32m✓[0m Moved: mis/ddamat.f → src/utilities/helpers/ddamat.f
[0;32m✓[0m Moved: mis/ddampg.f → src/utilities/helpers/ddampg.f
[0;32m✓[0m Moved: mis/ddcmps.f → src/core/solvers/ddcmps.f
[0;32m✓[0m Moved: mis/ddcomp.f → src/core/solvers/ddcomp.f
[0;32m✓[0m Moved: mis/ddrmm.f → src/analysis/dynamic/ddrmm.f
[0;32m✓[0m Moved: mis/ddrmm1.f → src/utilities/output/ddrmm1.f
[0;32m✓[0m Moved: mis/ddrmm2.f → src/utilities/output/ddrmm2.f
[0;32m✓[0m Moved: mis/ddrmma.f → src/analysis/dynamic/ddrmma.f
[0;32m✓[0m Moved: mis/ddrmms.f → src/elements/shell/ddrmms.f
[0;32m✓[0m Moved: mis/decomp.f → src/core/solvers/decomp.f
[0;32m✓[0m Moved: mis/delkls.f → src/elements/shell/delkls.f
[0;32m✓[0m Moved: mis/delset.f → src/utilities/helpers/delset.f
[0;32m✓[0m Moved: mis/deltkl.f → src/elements/shell/deltkl.f
[0;32m✓[0m Moved: mis/desvel.f → src/utilities/helpers/desvel.f
[0;32m✓[0m Moved: mis/detfbs.f → src/utilities/helpers/detfbs.f
[0;32m✓[0m Moved: mis/detgbs.f → src/core/solvers/detgbs.f
[0;32m✓[0m Moved: mis/detm.f → src/analysis/modal/detm.f
[0;32m✓[0m Moved: mis/detm1.f → src/analysis/modal/detm1.f
[0;32m✓[0m Moved: mis/detm3.f → src/analysis/modal/detm3.f
[0;32m✓[0m Moved: mis/detm4.f → src/analysis/modal/detm4.f
[0;32m✓[0m Moved: mis/dfbs.f → src/core/solvers/dfbs.f
[0;32m✓[0m Moved: mis/diagon.f → src/utilities/parser/diagon.f
[0;32m✓[0m Moved: mis/dihex.f → src/analysis/static/dihex.f
[0;32m✓[0m Moved: mis/dlbpt2.f → src/utilities/helpers/dlbpt2.f
[0;32m✓[0m Moved: mis/dmpalt.f → src/system/database/dmpalt.f
[0;32m✓[0m Moved: mis/dmpy.f → src/elements/beam/dmpy.f
[0;32m✓[0m Moved: mis/dpd1.f → src/analysis/dynamic/dpd1.f
[0;32m✓[0m Moved: mis/dpd2.f → src/system/database/dpd2.f
[0;32m✓[0m Moved: mis/dpd3.f → src/utilities/helpers/dpd3.f
[0;32m✓[0m Moved: mis/dpd4.f → src/utilities/helpers/dpd4.f
[0;32m✓[0m Moved: mis/dpd5.f → src/utilities/helpers/dpd5.f
[0;32m✓[0m Moved: mis/dpse2.f → src/analysis/static/dpse2.f
[0;32m✓[0m Moved: mis/dpse3.f → src/analysis/static/dpse3.f
[0;32m✓[0m Moved: mis/dpse4.f → src/analysis/static/dpse4.f
[0;32m✓[0m Moved: mis/dqdmem.f → src/elements/shell/dqdmem.f
[0;32m✓[0m Moved: mis/dquad.f → src/elements/shell/dquad.f
[0;32m✓[0m Moved: mis/draw.f → src/utilities/output/draw.f
[0;32m✓[0m Moved: mis/drod.f → src/elements/beam/drod.f
[0;32m✓[0m Moved: mis/ds1.f → src/analysis/static/ds1.f
[0;32m✓[0m Moved: mis/ds1a.f → src/elements/shell/ds1a.f
[0;32m✓[0m Moved: mis/dschk.f → src/utilities/parser/dschk.f
[0;32m✓[0m Moved: mis/dshear.f → src/analysis/static/dshear.f
[0;32m✓[0m Moved: mis/dtrbsc.f → src/elements/shell/dtrbsc.f
[0;32m✓[0m Moved: mis/dtria.f → src/elements/shell/dtria.f
[0;32m✓[0m Moved: mis/dtrmem.f → src/elements/shell/dtrmem.f
[0;32m✓[0m Moved: mis/dtshld.f → src/elements/shell/dtshld.f
[0;32m✓[0m Moved: mis/dtshls.f → src/elements/shell/dtshls.f
[0;32m✓[0m Moved: mis/dumod5.f → src/utilities/output/dumod5.f
[0;32m✓[0m Moved: mis/dumper.f → src/utilities/output/dumper.f
[0;32m✓[0m Moved: mis/edtl.f → src/elements/shell/edtl.f
[0;32m✓[0m Moved: mis/ektrmd.f → src/elements/beam/ektrmd.f
[0;32m✓[0m Moved: mis/ektrms.f → src/elements/beam/ektrms.f
[0;32m✓[0m Moved: mis/elelbl.f → src/utilities/output/elelbl.f
[0;32m✓[0m Moved: mis/em1d.f → src/elements/beam/em1d.f
[0;32m✓[0m Moved: mis/em2d.f → src/elements/shell/em2d.f
[0;32m✓[0m Moved: mis/em3d.f → src/elements/solid/em3d.f
[0;32m✓[0m Moved: mis/ema.f → src/analysis/dynamic/ema.f
[0;32m✓[0m Moved: mis/ema1.f → src/utilities/helpers/ema1.f
[0;32m✓[0m Moved: mis/emadtq.f → src/elements/shell/emadtq.f
[0;32m✓[0m Moved: mis/emastq.f → src/elements/shell/emastq.f
[0;32m✓[0m Moved: mis/emfld.f → src/utilities/helpers/emfld.f
[0;32m✓[0m Moved: mis/emg.f → src/analysis/static/emg.f
[0;32m✓[0m Moved: mis/emg1b.f → src/analysis/static/emg1b.f
[0;32m✓[0m Moved: mis/emgcng.f → src/analysis/static/emgcng.f
[0;32m✓[0m Moved: mis/emgcor.f → src/analysis/static/emgcor.f
[0;32m✓[0m Moved: mis/emgfin.f → src/analysis/static/emgfin.f
[0;32m✓[0m Moved: mis/emgold.f → src/elements/shell/emgold.f
[0;32m✓[0m Moved: mis/emgout.f → src/analysis/static/emgout.f
[0;32m✓[0m Moved: mis/emgpro.f → src/elements/shell/emgpro.f
[0;32m✓[0m Moved: mis/emgtab.f → src/analysis/static/emgtab.f
[0;32m✓[0m Moved: mis/endsys.f → src/system/database/endsys.f
[0;32m✓[0m Moved: mis/eqmck.f → src/utilities/output/eqmck.f
[0;32m✓[0m Moved: mis/eqmckm.f → src/utilities/output/eqmckm.f
[0;32m✓[0m Moved: mis/estmag.f → src/utilities/parser/estmag.f
[0;32m✓[0m Moved: mis/etrbkd.f → src/elements/beam/etrbkd.f
[0;32m✓[0m Moved: mis/etrbks.f → src/elements/beam/etrbks.f
[0;32m✓[0m Moved: mis/etrbmd.f → src/elements/beam/etrbmd.f
[0;32m✓[0m Moved: mis/etrbms.f → src/elements/beam/etrbms.f
[0;32m✓[0m Moved: mis/exi2.f → src/utilities/output/exi2.f
[0;32m✓[0m Moved: mis/exio.f → src/utilities/output/exio.f
[0;32m✓[0m Moved: mis/exio1.f → src/utilities/output/exio1.f
[0;32m✓[0m Moved: mis/exio2.f → src/utilities/output/exio2.f
[0;32m✓[0m Moved: mis/exo2.f → src/utilities/output/exo2.f
[0;32m✓[0m Moved: mis/fa1.f → src/elements/aero/fa1.f
[0;32m✓[0m Moved: mis/fa1k.f → src/utilities/helpers/fa1k.f
[0;32m✓[0m Moved: mis/fa1pke.f → src/analysis/modal/fa1pke.f
[0;32m✓[0m Moved: mis/factor.f → src/core/solvers/factor.f
[0;32m✓[0m Moved: mis/failrs.f → src/elements/beam/failrs.f
[0;32m✓[0m Moved: mis/failur.f → src/elements/beam/failur.f
[0;32m✓[0m Moved: mis/fbs.f → src/core/solvers/fbs.f
[0;32m✓[0m Moved: mis/fbs1.f → src/core/solvers/fbs1.f
[0;32m✓[0m Moved: mis/fbs2.f → src/core/solvers/fbs2.f
[0;32m✓[0m Moved: mis/fbs21.f → src/core/solvers/fbs21.f
[0;32m✓[0m Moved: mis/fbs3.f → src/core/solvers/fbs3.f
[0;32m✓[0m Moved: mis/fbs4.f → src/core/solvers/fbs4.f
[0;32m✓[0m Moved: mis/fbsf.f → src/core/solvers/fbsf.f
[0;32m✓[0m Moved: mis/fbsi.f → src/core/solvers/fbsi.f
[0;32m✓[0m Moved: mis/fbsi1.f → src/core/solvers/fbsi1.f
[0;32m✓[0m Moved: mis/fbsi2.f → src/core/solvers/fbsi2.f
[0;32m✓[0m Moved: mis/fbsi3.f → src/core/solvers/fbsi3.f
[0;32m✓[0m Moved: mis/fbsi4.f → src/core/solvers/fbsi4.f
[0;32m✓[0m Moved: mis/fbsint.f → src/core/solvers/fbsint.f
[0;32m✓[0m Moved: mis/fbsinv.f → src/core/solvers/fbsinv.f
[0;32m✓[0m Moved: mis/fbsrdm.f → src/core/solvers/fbsrdm.f
[0;32m✓[0m Moved: mis/feer.f → src/analysis/modal/feer.f
[0;32m✓[0m Moved: mis/feer3.f → src/utilities/output/feer3.f
[0;32m✓[0m Moved: mis/feer3x.f → src/utilities/helpers/feer3x.f
[0;32m✓[0m Moved: mis/feer4.f → src/utilities/helpers/feer4.f
[0;32m✓[0m Moved: mis/ferfbs.f → src/core/solvers/ferfbs.f
[0;32m✓[0m Moved: mis/ferswd.f → src/core/solvers/ferswd.f
[0;32m✓[0m Moved: mis/fersws.f → src/core/solvers/fersws.f
[0;32m✓[0m Moved: mis/ferxtd.f → src/utilities/helpers/ferxtd.f
[0;32m✓[0m Moved: mis/ferxts.f → src/utilities/helpers/ferxts.f
[0;32m✓[0m Moved: mis/ffread.f → src/utilities/parser/ffread.f
[0;32m✓[0m Moved: mis/find.f → src/analysis/modal/find.f
[0;32m✓[0m Moved: mis/flbelm.f → src/system/database/flbelm.f
[0;32m✓[0m Moved: mis/flbema.f → src/utilities/helpers/flbema.f
[0;32m✓[0m Moved: mis/flbemg.f → src/analysis/static/flbemg.f
[0;32m✓[0m Moved: mis/flbmg.f → src/system/database/flbmg.f
[0;32m✓[0m Moved: mis/flbprt.f → src/utilities/output/flbprt.f
[0;32m✓[0m Moved: mis/flface.f → src/elements/solid/flface.f
[0;32m✓[0m Moved: mis/flfree.f → src/elements/shell/flfree.f
[0;32m✓[0m Moved: mis/fndplt.f → src/analysis/modal/fndplt.f
[0;32m✓[0m Moved: mis/fnxtv.f → src/elements/aero/fnxtv.f
[0;32m✓[0m Moved: mis/fnxtvc.f → src/elements/aero/fnxtvc.f
[0;32m✓[0m Moved: mis/fnxtvd.f → src/elements/shell/fnxtvd.f
[0;32m✓[0m Moved: mis/formg2.f → src/utilities/output/formg2.f
[0;32m✓[0m Moved: mis/formgg.f → src/utilities/output/formgg.f
[0;32m✓[0m Moved: mis/fornam.f → src/elements/shell/fornam.f
[0;32m✓[0m Moved: mis/fornum.f → src/utilities/helpers/fornum.f
[0;32m✓[0m Moved: mis/fqrw.f → src/utilities/helpers/fqrw.f
[0;32m✓[0m Moved: mis/fqrwv.f → src/utilities/helpers/fqrwv.f
[0;32m✓[0m Moved: mis/frbk.f → src/core/solvers/frbk.f
[0;32m✓[0m Moved: mis/frbk2.f → src/core/solvers/frbk2.f
[0;32m✓[0m Moved: mis/frd2a.f → src/utilities/helpers/frd2a.f
[0;32m✓[0m Moved: mis/frd2c.f → src/utilities/helpers/frd2c.f
[0;32m✓[0m Moved: mis/frlga.f → src/system/database/frlga.f
[0;32m✓[0m Moved: mis/frmlt.f → src/utilities/helpers/frmlt.f
[0;32m✓[0m Moved: mis/frmltd.f → src/utilities/helpers/frmltd.f
[0;32m✓[0m Moved: mis/frrd.f → src/analysis/modal/frrd.f
[0;32m✓[0m Moved: mis/frrd1c.f → src/core/solvers/frrd1c.f
[0;32m✓[0m Moved: mis/frrd1d.f → src/utilities/helpers/frrd1d.f
[0;32m✓[0m Moved: mis/frrd2.f → src/utilities/helpers/frrd2.f
[0;32m✓[0m Moved: mis/frsw.f → src/core/solvers/frsw.f
[0;32m✓[0m Moved: mis/frsw2.f → src/core/solvers/frsw2.f
[0;32m✓[0m Moved: mis/fvrs1a.f → src/utilities/helpers/fvrs1a.f
[0;32m✓[0m Moved: mis/fvrst1.f → src/system/database/fvrst1.f
[0;32m✓[0m Moved: mis/fvrst2.f → src/system/database/fvrst2.f
[0;32m✓[0m Moved: mis/gencos.f → src/utilities/helpers/gencos.f
[0;32m✓[0m Moved: mis/genpar.f → src/analysis/modal/genpar.f
[0;32m✓[0m Moved: mis/gfbs.f → src/utilities/parser/gfbs.f
[0;32m✓[0m Moved: mis/gfscom.f → src/utilities/helpers/gfscom.f
[0;32m✓[0m Moved: mis/gfsdir.f → src/elements/beam/gfsdir.f
[0;32m✓[0m Moved: mis/gfsh.f → src/utilities/helpers/gfsh.f
[0;32m✓[0m Moved: mis/gfshc.f → src/utilities/helpers/gfshc.f
[0;32m✓[0m Moved: mis/gfsma.f → src/analysis/modal/gfsma.f
[0;32m✓[0m Moved: mis/gfsmo2.f → src/analysis/modal/gfsmo2.f
[0;32m✓[0m Moved: mis/gfsmod.f → src/analysis/modal/gfsmod.f
[0;32m✓[0m Moved: mis/gfsmt.f → src/utilities/helpers/gfsmt.f
[0;32m✓[0m Moved: mis/gfsspc.f → src/utilities/helpers/gfsspc.f
[0;32m✓[0m Moved: mis/giggks.f → src/elements/aero/giggks.f
[0;32m✓[0m Moved: mis/ginofl.f → src/system/io/ginofl.f
[0;32m✓[0m Moved: mis/gipsst.f → src/elements/aero/gipsst.f
[0;32m✓[0m Moved: mis/givens.f → src/analysis/modal/givens.f
[0;32m✓[0m Moved: mis/gkad.f → src/analysis/modal/gkad.f
[0;32m✓[0m Moved: mis/gkam.f → src/analysis/modal/gkam.f
[0;32m✓[0m Moved: mis/gkam1a.f → src/utilities/helpers/gkam1a.f
[0;32m✓[0m Moved: mis/gp1.f → src/analysis/static/gp1.f
[0;32m✓[0m Moved: mis/gp2.f → src/analysis/static/gp2.f
[0;32m✓[0m Moved: mis/gp3.f → src/analysis/static/gp3.f
[0;32m✓[0m Moved: mis/gp3a.f → src/analysis/static/gp3a.f
[0;32m✓[0m Moved: mis/gp3b.f → src/analysis/static/gp3b.f
[0;32m✓[0m Moved: mis/gp3c.f → src/analysis/static/gp3c.f
[0;32m✓[0m Moved: mis/gp3d.f → src/analysis/static/gp3d.f
[0;32m✓[0m Moved: mis/gp4.f → src/analysis/static/gp4.f
[0;32m✓[0m Moved: mis/gp4prt.f → src/analysis/static/gp4prt.f
[0;32m✓[0m Moved: mis/gp4sp.f → src/analysis/static/gp4sp.f
[0;32m✓[0m Moved: mis/gpfdr.f → src/utilities/output/gpfdr.f
[0;32m✓[0m Moved: mis/gpstgn.f → src/utilities/helpers/gpstgn.f
[0;32m✓[0m Moved: mis/grbvec.f → src/utilities/output/grbvec.f
[0;32m✓[0m Moved: mis/gust3.f → src/utilities/helpers/gust3.f
[0;32m✓[0m Moved: mis/hbdyd.f → src/utilities/output/hbdyd.f
[0;32m✓[0m Moved: mis/hbdys.f → src/utilities/output/hbdys.f
[0;32m✓[0m Moved: mis/hccom.f → src/utilities/helpers/hccom.f
[0;32m✓[0m Moved: mis/hdsurf.f → src/elements/solid/hdsurf.f
[0;32m✓[0m Moved: mis/hdvsr.f → src/utilities/helpers/hdvsr.f
[0;32m✓[0m Moved: mis/head.f → src/utilities/output/head.f
[0;32m✓[0m Moved: mis/hess1.f → src/system/io/hess1.f
[0;32m✓[0m Moved: mis/hess2.f → src/utilities/helpers/hess2.f
[0;32m✓[0m Moved: mis/hmat.f → src/system/database/hmat.f
[0;32m✓[0m Moved: mis/hring.f → src/elements/shell/hring.f
[0;32m✓[0m Moved: mis/idplot.f → src/utilities/output/idplot.f
[0;32m✓[0m Moved: mis/ifp.f → src/utilities/output/ifp.f
[0;32m✓[0m Moved: mis/ifp1.f → src/utilities/output/ifp1.f
[0;32m✓[0m Moved: mis/ifp1h.f → src/elements/shell/ifp1h.f
[0;32m✓[0m Moved: mis/ifp1pc.f → src/utilities/output/ifp1pc.f
[0;32m✓[0m Moved: mis/ifp1xy.f → src/utilities/output/ifp1xy.f
[0;32m✓[0m Moved: mis/ifp3.f → src/elements/shell/ifp3.f
[0;32m✓[0m Moved: mis/ifp3b.f → src/elements/shell/ifp3b.f
[0;32m✓[0m Moved: mis/ifp4.f → src/utilities/parser/ifp4.f
[0;32m✓[0m Moved: mis/ifp5.f → src/system/database/ifp5.f
[0;32m✓[0m Moved: mis/ifpmdc.f → src/utilities/parser/ifpmdc.f
[0;32m✓[0m Moved: mis/ifppar.f → src/analysis/modal/ifppar.f
[0;32m✓[0m Moved: mis/ifppvc.f → src/utilities/helpers/ifppvc.f
[0;32m✓[0m Moved: mis/ifs1p.f → src/elements/shell/ifs1p.f
[0;32m✓[0m Moved: mis/ifs2p.f → src/system/database/ifs2p.f
[0;32m✓[0m Moved: mis/ifs3p.f → src/utilities/output/ifs3p.f
[0;32m✓[0m Moved: mis/ifs4p.f → src/elements/solid/ifs4p.f
[0;32m✓[0m Moved: mis/ifs5p.f → src/elements/aero/ifs5p.f
[0;32m✓[0m Moved: mis/ift.f → src/analysis/modal/ift.f
[0;32m✓[0m Moved: mis/ihex.f → src/elements/solid/ihex.f
[0;32m✓[0m Moved: mis/ihexd.f → src/elements/solid/ihexd.f
[0;32m✓[0m Moved: mis/ihexs.f → src/elements/solid/ihexs.f
[0;32m✓[0m Moved: mis/ihexss.f → src/elements/solid/ihexss.f
[0;32m✓[0m Moved: mis/inptt1.f → src/utilities/output/inptt1.f
[0;32m✓[0m Moved: mis/inptt2.f → src/utilities/output/inptt2.f
[0;32m✓[0m Moved: mis/inptt4.f → src/utilities/output/inptt4.f
[0;32m✓[0m Moved: mis/inptt5.f → src/utilities/output/inptt5.f
[0;32m✓[0m Moved: mis/input.f → src/utilities/parser/input.f
[0;32m✓[0m Moved: mis/input4.f → src/utilities/output/input4.f
[0;32m✓[0m Moved: mis/int2al.f → src/utilities/output/int2al.f
[0;32m✓[0m Moved: mis/intfbs.f → src/elements/shell/intfbs.f
[0;32m✓[0m Moved: mis/inverd.f → src/analysis/modal/inverd.f
[0;32m✓[0m Moved: mis/invers.f → src/analysis/modal/invers.f
[0;32m✓[0m Moved: mis/invert.f → src/core/solvers/invert.f
[0;32m✓[0m Moved: mis/invfbs.f → src/analysis/modal/invfbs.f
[0;32m✓[0m Moved: mis/invp1.f → src/analysis/modal/invp1.f
[0;32m✓[0m Moved: mis/invp2.f → src/analysis/modal/invp2.f
[0;32m✓[0m Moved: mis/invp3.f → src/analysis/modal/invp3.f
[0;32m✓[0m Moved: mis/invpwr.f → src/analysis/modal/invpwr.f
[0;32m✓[0m Moved: mis/invtr.f → src/analysis/modal/invtr.f
[0;32m✓[0m Moved: mis/is2d8d.f → src/utilities/output/is2d8d.f
[0;32m✓[0m Moved: mis/is2d8s.f → src/utilities/output/is2d8s.f
[0;32m✓[0m Moved: mis/itmprt.f → src/utilities/output/itmprt.f
[0;32m✓[0m Moved: mis/kbar.f → src/elements/beam/kbar.f
[0;32m✓[0m Moved: mis/kcone2.f → src/elements/shell/kcone2.f
[0;32m✓[0m Moved: mis/kconed.f → src/elements/shell/kconed.f
[0;32m✓[0m Moved: mis/kcones.f → src/elements/shell/kcones.f
[0;32m✓[0m Moved: mis/kelas.f → src/analysis/static/kelas.f
[0;32m✓[0m Moved: mis/kelbow.f → src/elements/beam/kelbow.f
[0;32m✓[0m Moved: mis/kqdmem.f → src/elements/shell/kqdmem.f
[0;32m✓[0m Moved: mis/kqdplt.f → src/elements/shell/kqdplt.f
[0;32m✓[0m Moved: mis/krod.f → src/elements/beam/krod.f
[0;32m✓[0m Moved: mis/ksolid.f → src/elements/solid/ksolid.f
[0;32m✓[0m Moved: mis/ktetra.f → src/elements/solid/ktetra.f
[0;32m✓[0m Moved: mis/ktrapr.f → src/analysis/static/ktrapr.f
[0;32m✓[0m Moved: mis/ktrbsc.f → src/elements/beam/ktrbsc.f
[0;32m✓[0m Moved: mis/ktriqd.f → src/elements/shell/ktriqd.f
[0;32m✓[0m Moved: mis/ktrirg.f → src/analysis/static/ktrirg.f
[0;32m✓[0m Moved: mis/ktrm6d.f → src/analysis/static/ktrm6d.f
[0;32m✓[0m Moved: mis/ktrm6s.f → src/analysis/static/ktrm6s.f
[0;32m✓[0m Moved: mis/ktrmem.f → src/elements/beam/ktrmem.f
[0;32m✓[0m Moved: mis/ktrpld.f → src/analysis/static/ktrpld.f
[0;32m✓[0m Moved: mis/ktrpls.f → src/analysis/static/ktrpls.f
[0;32m✓[0m Moved: mis/ktrplt.f → src/elements/beam/ktrplt.f
[0;32m✓[0m Moved: mis/ktshld.f → src/elements/shell/ktshld.f
[0;32m✓[0m Moved: mis/ktshls.f → src/elements/shell/ktshls.f
[0;32m✓[0m Moved: mis/ktube.f → src/elements/beam/ktube.f
[0;32m✓[0m Moved: mis/linel.f → src/system/database/linel.f
[0;32m✓[0m Moved: mis/lodapp.f → src/system/database/lodapp.f
[0;32m✓[0m Moved: mis/lprops.f → src/elements/shell/lprops.f
[0;32m✓[0m Moved: mis/machck.f → src/elements/aero/machck.f
[0;32m✓[0m Moved: mis/makmcb.f → src/utilities/helpers/makmcb.f
[0;32m✓[0m Moved: mis/masstq.f → src/elements/shell/masstq.f
[0;32m✓[0m Moved: mis/matdum.f → src/utilities/output/matdum.f
[0;32m✓[0m Moved: mis/matgen.f → src/utilities/output/matgen.f
[0;32m✓[0m Moved: mis/matprn.f → src/utilities/output/matprn.f
[0;32m✓[0m Moved: mis/matprt.f → src/utilities/helpers/matprt.f
[0;32m✓[0m Moved: mis/mbamg.f → src/analysis/modal/mbamg.f
[0;32m✓[0m Moved: mis/mce1d.f → src/utilities/helpers/mce1d.f
[0;32m✓[0m Moved: mis/mcone.f → src/elements/shell/mcone.f
[0;32m✓[0m Moved: mis/merge1.f → src/utilities/helpers/merge1.f
[0;32m✓[0m Moved: mis/mesage.f → src/utilities/output/mesage.f
[0;32m✓[0m Moved: mis/mma.f → src/core/matrices/mma.f
[0;32m✓[0m Moved: mis/mma1.f → src/core/matrices/mma1.f
[0;32m✓[0m Moved: mis/mma101.f → src/core/matrices/mma101.f
[0;32m✓[0m Moved: mis/mma102.f → src/core/matrices/mma102.f
[0;32m✓[0m Moved: mis/mma103.f → src/core/matrices/mma103.f
[0;32m✓[0m Moved: mis/mma104.f → src/core/matrices/mma104.f
[0;32m✓[0m Moved: mis/mma111.f → src/core/matrices/mma111.f
[0;32m✓[0m Moved: mis/mma112.f → src/core/matrices/mma112.f
[0;32m✓[0m Moved: mis/mma113.f → src/core/matrices/mma113.f
[0;32m✓[0m Moved: mis/mma114.f → src/core/matrices/mma114.f
[0;32m✓[0m Moved: mis/mma2.f → src/core/matrices/mma2.f
[0;32m✓[0m Moved: mis/mma201.f → src/core/matrices/mma201.f
[0;32m✓[0m Moved: mis/mma202.f → src/core/matrices/mma202.f
[0;32m✓[0m Moved: mis/mma203.f → src/core/matrices/mma203.f
[0;32m✓[0m Moved: mis/mma204.f → src/core/matrices/mma204.f
[0;32m✓[0m Moved: mis/mma211.f → src/core/matrices/mma211.f
[0;32m✓[0m Moved: mis/mma212.f → src/core/matrices/mma212.f
[0;32m✓[0m Moved: mis/mma213.f → src/core/matrices/mma213.f
[0;32m✓[0m Moved: mis/mma214.f → src/core/matrices/mma214.f
[0;32m✓[0m Moved: mis/mma3.f → src/core/matrices/mma3.f
[0;32m✓[0m Moved: mis/mma301.f → src/core/matrices/mma301.f
[0;32m✓[0m Moved: mis/mma302.f → src/core/matrices/mma302.f
[0;32m✓[0m Moved: mis/mma303.f → src/core/matrices/mma303.f
[0;32m✓[0m Moved: mis/mma304.f → src/core/matrices/mma304.f
[0;32m✓[0m Moved: mis/mma311.f → src/core/matrices/mma311.f
[0;32m✓[0m Moved: mis/mma312.f → src/core/matrices/mma312.f
[0;32m✓[0m Moved: mis/mma313.f → src/core/matrices/mma313.f
[0;32m✓[0m Moved: mis/mma314.f → src/core/matrices/mma314.f
[0;32m✓[0m Moved: mis/mma321.f → src/core/matrices/mma321.f
[0;32m✓[0m Moved: mis/mma322.f → src/core/matrices/mma322.f
[0;32m✓[0m Moved: mis/mma323.f → src/core/matrices/mma323.f
[0;32m✓[0m Moved: mis/mma324.f → src/core/matrices/mma324.f
[0;32m✓[0m Moved: mis/mma4.f → src/core/matrices/mma4.f
[0;32m✓[0m Moved: mis/mma401.f → src/core/matrices/mma401.f
[0;32m✓[0m Moved: mis/mma402.f → src/core/matrices/mma402.f
[0;32m✓[0m Moved: mis/mma403.f → src/core/matrices/mma403.f
[0;32m✓[0m Moved: mis/mma404.f → src/core/matrices/mma404.f
[0;32m✓[0m Moved: mis/mma411.f → src/core/matrices/mma411.f
[0;32m✓[0m Moved: mis/mma412.f → src/core/matrices/mma412.f
[0;32m✓[0m Moved: mis/mma413.f → src/core/matrices/mma413.f
[0;32m✓[0m Moved: mis/mma414.f → src/core/matrices/mma414.f
[0;32m✓[0m Moved: mis/mmarc1.f → src/core/matrices/mmarc1.f
[0;32m✓[0m Moved: mis/mmarc2.f → src/core/matrices/mmarc2.f
[0;32m✓[0m Moved: mis/mmarc3.f → src/core/matrices/mmarc3.f
[0;32m✓[0m Moved: mis/mmarc4.f → src/core/matrices/mmarc4.f
[0;32m✓[0m Moved: mis/mmarm1.f → src/core/matrices/mmarm1.f
[0;32m✓[0m Moved: mis/mmarm2.f → src/core/matrices/mmarm2.f
[0;32m✓[0m Moved: mis/mmarm3.f → src/core/matrices/mmarm3.f
[0;32m✓[0m Moved: mis/mmarm4.f → src/core/matrices/mmarm4.f
[0;32m✓[0m Moved: mis/mplprt.f → src/utilities/output/mplprt.f
[0;32m✓[0m Moved: mis/mpy3.f → src/elements/beam/mpy3.f
[0;32m✓[0m Moved: mis/mpy3a.f → src/utilities/helpers/mpy3a.f
[0;32m✓[0m Moved: mis/mpy3dr.f → src/utilities/helpers/mpy3dr.f
[0;32m✓[0m Moved: mis/mpy3oc.f → src/utilities/helpers/mpy3oc.f
[0;32m✓[0m Moved: mis/mpyad.f → src/utilities/helpers/mpyad.f
[0;32m✓[0m Moved: mis/mpyado.f → src/utilities/helpers/mpyado.f
[0;32m✓[0m Moved: mis/mpydri.f → src/utilities/helpers/mpydri.f
[0;32m✓[0m Moved: mis/mpyq.f → src/system/io/mpyq.f
[0;32m✓[0m Moved: mis/mqdplt.f → src/elements/shell/mqdplt.f
[0;32m✓[0m Moved: mis/mred1.f → src/analysis/modal/mred1.f
[0;32m✓[0m Moved: mis/mred1a.f → src/analysis/modal/mred1a.f
[0;32m✓[0m Moved: mis/mred1b.f → src/utilities/output/mred1b.f
[0;32m✓[0m Moved: mis/mred1c.f → src/system/database/mred1c.f
[0;32m✓[0m Moved: mis/mred1d.f → src/system/database/mred1d.f
[0;32m✓[0m Moved: mis/mred1e.f → src/analysis/modal/mred1e.f
[0;32m✓[0m Moved: mis/mred2.f → src/analysis/modal/mred2.f
[0;32m✓[0m Moved: mis/mred2a.f → src/system/io/mred2a.f
[0;32m✓[0m Moved: mis/mred2b.f → src/system/io/mred2b.f
[0;32m✓[0m Moved: mis/mred2c.f → src/analysis/modal/mred2c.f
[0;32m✓[0m Moved: mis/mred2d.f → src/analysis/modal/mred2d.f
[0;32m✓[0m Moved: mis/mred2e.f → src/analysis/modal/mred2e.f
[0;32m✓[0m Moved: mis/mred2f.f → src/utilities/helpers/mred2f.f
[0;32m✓[0m Moved: mis/mred2g.f → src/analysis/static/mred2g.f
[0;32m✓[0m Moved: mis/mred2h.f → src/utilities/output/mred2h.f
[0;32m✓[0m Moved: mis/mred2l.f → src/utilities/helpers/mred2l.f
[0;32m✓[0m Moved: mis/mred2m.f → src/utilities/helpers/mred2m.f
[0;32m✓[0m Moved: mis/mrge.f → src/utilities/helpers/mrge.f
[0;32m✓[0m Moved: mis/mring.f → src/elements/shell/mring.f
[0;32m✓[0m Moved: mis/msgwrt.f → src/utilities/output/msgwrt.f
[0;32m✓[0m Moved: mis/msolid.f → src/elements/solid/msolid.f
[0;32m✓[0m Moved: mis/mtrapr.f → src/analysis/modal/mtrapr.f
[0;32m✓[0m Moved: mis/mtrbsc.f → src/elements/beam/mtrbsc.f
[0;32m✓[0m Moved: mis/mtriqd.f → src/elements/shell/mtriqd.f
[0;32m✓[0m Moved: mis/mtrirg.f → src/utilities/parser/mtrirg.f
[0;32m✓[0m Moved: mis/mtrplt.f → src/elements/shell/mtrplt.f
[0;32m✓[0m Moved: mis/mtrxi.f → src/system/io/mtrxi.f
[0;32m✓[0m Moved: mis/mtrxin.f → src/utilities/helpers/mtrxin.f
[0;32m✓[0m Moved: mis/mtrxo.f → src/system/io/mtrxo.f
[0;32m✓[0m Moved: mis/na12if.f → src/utilities/parser/na12if.f
[0;32m✓[0m Moved: mis/nascar.f → src/utilities/output/nascar.f
[0;32m✓[0m Moved: mis/normal.f → src/utilities/parser/normal.f
[0;32m✓[0m Moved: mis/nrlsum.f → src/elements/shell/nrlsum.f
[0;32m✓[0m Moved: mis/nsinfo.f → src/utilities/output/nsinfo.f
[0;32m✓[0m Moved: mis/ofcomp.f → src/utilities/output/ofcomp.f
[0;32m✓[0m Moved: mis/ofp.f → src/utilities/output/ofp.f
[0;32m✓[0m Moved: mis/ofp1.f → src/utilities/output/ofp1.f
[0;32m✓[0m Moved: mis/ofp1a.f → src/utilities/output/ofp1a.f
[0;32m✓[0m Moved: mis/ofp1b.f → src/utilities/output/ofp1b.f
[0;32m✓[0m Moved: mis/ofp1c.f → src/utilities/output/ofp1c.f
[0;32m✓[0m Moved: mis/ofpcc1.f → src/utilities/output/ofpcc1.f
[0;32m✓[0m Moved: mis/ofpcc2.f → src/utilities/output/ofpcc2.f
[0;32m✓[0m Moved: mis/ofpcf1.f → src/utilities/output/ofpcf1.f
[0;32m✓[0m Moved: mis/ofpcf2.f → src/utilities/output/ofpcf2.f
[0;32m✓[0m Moved: mis/ofpcs1.f → src/utilities/output/ofpcs1.f
[0;32m✓[0m Moved: mis/ofpcs2.f → src/utilities/output/ofpcs2.f
[0;32m✓[0m Moved: mis/ofpgpw.f → src/utilities/output/ofpgpw.f
[0;32m✓[0m Moved: mis/ofpmis.f → src/utilities/output/ofpmis.f
[0;32m✓[0m Moved: mis/ofppnt.f → src/utilities/output/ofppnt.f
[0;32m✓[0m Moved: mis/ofppun.f → src/utilities/output/ofppun.f
[0;32m✓[0m Moved: mis/ofprf1.f → src/utilities/output/ofprf1.f
[0;32m✓[0m Moved: mis/ofprf2.f → src/utilities/output/ofprf2.f
[0;32m✓[0m Moved: mis/ofprs1.f → src/utilities/output/ofprs1.f
[0;32m✓[0m Moved: mis/ofprs2.f → src/utilities/output/ofprs2.f
[0;32m✓[0m Moved: mis/ofpsn1.f → src/utilities/output/ofpsn1.f
[0;32m✓[0m Moved: mis/ofpss1.f → src/utilities/output/ofpss1.f
[0;32m✓[0m Moved: mis/ofsplt.f → src/elements/shell/ofsplt.f
[0;32m✓[0m Moved: mis/onetwo.f → src/utilities/helpers/onetwo.f
[0;32m✓[0m Moved: mis/opt2a.f → src/elements/shell/opt2a.f
[0;32m✓[0m Moved: mis/opt2c.f → src/elements/shell/opt2c.f
[0;32m✓[0m Moved: mis/optpr1.f → src/utilities/output/optpr1.f
[0;32m✓[0m Moved: mis/optpr2.f → src/utilities/output/optpr2.f
[0;32m✓[0m Moved: mis/order.f → src/system/database/order.f
[0;32m✓[0m Moved: mis/ortho.f → src/analysis/modal/ortho.f
[0;32m✓[0m Moved: mis/outmsc.f → src/system/database/outmsc.f
[0;32m✓[0m Moved: mis/outpt1.f → src/system/database/outpt1.f
[0;32m✓[0m Moved: mis/outpt2.f → src/system/database/outpt2.f
[0;32m✓[0m Moved: mis/outpt4.f → src/utilities/output/outpt4.f
[0;32m✓[0m Moved: mis/outpt5.f → src/utilities/output/outpt5.f
[0;32m✓[0m Moved: mis/page.f → src/utilities/output/page.f
[0;32m✓[0m Moved: mis/page2.f → src/utilities/output/page2.f
[0;32m✓[0m Moved: mis/param.f → src/analysis/modal/param.f
[0;32m✓[0m Moved: mis/paraml.f → src/system/database/paraml.f
[0;32m✓[0m Moved: mis/partn1.f → src/utilities/helpers/partn1.f
[0;32m✓[0m Moved: mis/partn3.f → src/utilities/helpers/partn3.f
[0;32m✓[0m Moved: mis/pidck.f → src/elements/shell/pidck.f
[0;32m✓[0m Moved: mis/piklvl.f → src/utilities/parser/piklvl.f
[0;32m✓[0m Moved: mis/pkbar.f → src/analysis/static/pkbar.f
[0;32m✓[0m Moved: mis/pkqdm.f → src/analysis/static/pkqdm.f
[0;32m✓[0m Moved: mis/pkqdms.f → src/elements/shell/pkqdms.f
[0;32m✓[0m Moved: mis/pkqdpl.f → src/elements/shell/pkqdpl.f
[0;32m✓[0m Moved: mis/pkrod.f → src/elements/beam/pkrod.f
[0;32m✓[0m Moved: mis/pktq1.f → src/elements/shell/pktq1.f
[0;32m✓[0m Moved: mis/pktq2.f → src/elements/shell/pktq2.f
[0;32m✓[0m Moved: mis/pktrbs.f → src/elements/beam/pktrbs.f
[0;32m✓[0m Moved: mis/pktri1.f → src/analysis/static/pktri1.f
[0;32m✓[0m Moved: mis/pktrm.f → src/analysis/static/pktrm.f
[0;32m✓[0m Moved: mis/pktrm1.f → src/elements/shell/pktrm1.f
[0;32m✓[0m Moved: mis/pktrms.f → src/elements/beam/pktrms.f
[0;32m✓[0m Moved: mis/pktrpl.f → src/elements/beam/pktrpl.f
[0;32m✓[0m Moved: mis/pktrqd.f → src/elements/shell/pktrqd.f
[0;32m✓[0m Moved: mis/pla1.f → src/elements/shell/pla1.f
[0;32m✓[0m Moved: mis/pla2.f → src/analysis/static/pla2.f
[0;32m✓[0m Moved: mis/pla3.f → src/utilities/output/pla3.f
[0;32m✓[0m Moved: mis/pla31.f → src/elements/shell/pla31.f
[0;32m✓[0m Moved: mis/pla32.f → src/elements/beam/pla32.f
[0;32m✓[0m Moved: mis/pla4.f → src/system/database/pla4.f
[0;32m✓[0m Moved: mis/pla41.f → src/elements/shell/pla41.f
[0;32m✓[0m Moved: mis/pla42.f → src/elements/beam/pla42.f
[0;32m✓[0m Moved: mis/pload4.f → src/elements/shell/pload4.f
[0;32m✓[0m Moved: mis/plod4d.f → src/elements/shell/plod4d.f
[0;32m✓[0m Moved: mis/plod4s.f → src/elements/shell/plod4s.f
[0;32m✓[0m Moved: mis/plot.f → src/analysis/modal/plot.f
[0;32m✓[0m Moved: mis/pltopr.f → src/utilities/output/pltopr.f
[0;32m✓[0m Moved: mis/plttra.f → src/utilities/output/plttra.f
[0;32m✓[0m Moved: mis/premat.f → src/system/database/premat.f
[0;32m✓[0m Moved: mis/presax.f → src/analysis/dynamic/presax.f
[0;32m✓[0m Moved: mis/pretab.f → src/system/database/pretab.f
[0;32m✓[0m Moved: mis/print.f → src/utilities/output/print.f
[0;32m✓[0m Moved: mis/prolat.f → src/utilities/parser/prolat.f
[0;32m✓[0m Moved: mis/prtmsg.f → src/utilities/output/prtmsg.f
[0;32m✓[0m Moved: mis/prtprm.f → src/utilities/output/prtprm.f
[0;32m✓[0m Moved: mis/psbar.f → src/analysis/static/psbar.f
[0;32m✓[0m Moved: mis/psqdm.f → src/analysis/static/psqdm.f
[0;32m✓[0m Moved: mis/psqpl1.f → src/elements/shell/psqpl1.f
[0;32m✓[0m Moved: mis/psrod.f → src/elements/beam/psrod.f
[0;32m✓[0m Moved: mis/pstpl1.f → src/elements/shell/pstpl1.f
[0;32m✓[0m Moved: mis/pstq1.f → src/elements/shell/pstq1.f
[0;32m✓[0m Moved: mis/pstq2.f → src/elements/shell/pstq2.f
[0;32m✓[0m Moved: mis/pstrb1.f → src/elements/beam/pstrb1.f
[0;32m✓[0m Moved: mis/pstrm.f → src/analysis/static/pstrm.f
[0;32m✓[0m Moved: mis/pstrm1.f → src/elements/shell/pstrm1.f
[0;32m✓[0m Moved: mis/q2trmd.f → src/utilities/output/q2trmd.f
[0;32m✓[0m Moved: mis/q2trms.f → src/utilities/output/q2trms.f
[0;32m✓[0m Moved: mis/q4bmgd.f → src/elements/shell/q4bmgd.f
[0;32m✓[0m Moved: mis/q4bmgs.f → src/elements/shell/q4bmgs.f
[0;32m✓[0m Moved: mis/qdmem.f → src/elements/shell/qdmem.f
[0;32m✓[0m Moved: mis/qdmm1.f → src/elements/shell/qdmm1.f
[0;32m✓[0m Moved: mis/qdmm1d.f → src/elements/shell/qdmm1d.f
[0;32m✓[0m Moved: mis/qdmm1s.f → src/elements/shell/qdmm1s.f
[0;32m✓[0m Moved: mis/qdmm1x.f → src/elements/shell/qdmm1x.f
[0;32m✓[0m Moved: mis/qdmm2.f → src/elements/shell/qdmm2.f
[0;32m✓[0m Moved: mis/qdmm2d.f → src/elements/shell/qdmm2d.f
[0;32m✓[0m Moved: mis/qdmm2s.f → src/elements/shell/qdmm2s.f
[0;32m✓[0m Moved: mis/qdplt.f → src/elements/shell/qdplt.f
[0;32m✓[0m Moved: mis/qriter.f → src/analysis/modal/qriter.f
[0;32m✓[0m Moved: mis/qriter1.f → src/analysis/modal/qriter1.f
[0;32m✓[0m Moved: mis/quad4d.f → src/elements/shell/quad4d.f
[0;32m✓[0m Moved: mis/quad4s.f → src/elements/shell/quad4s.f
[0;32m✓[0m Moved: mis/qvol.f → src/elements/beam/qvol.f
[0;32m✓[0m Moved: mis/rand2.f → src/utilities/output/rand2.f
[0;32m✓[0m Moved: mis/rand7.f → src/system/database/rand7.f
[0;32m✓[0m Moved: mis/rand8.f → src/system/database/rand8.f
[0;32m✓[0m Moved: mis/rcard.f → src/utilities/parser/rcard.f
[0;32m✓[0m Moved: mis/rcard2.f → src/utilities/parser/rcard2.f
[0;32m✓[0m Moved: mis/rcovb.f → src/analysis/static/rcovb.f
[0;32m✓[0m Moved: mis/rcovc.f → src/utilities/output/rcovc.f
[0;32m✓[0m Moved: mis/rcovds.f → src/analysis/dynamic/rcovds.f
[0;32m✓[0m Moved: mis/rcove.f → src/analysis/modal/rcove.f
[0;32m✓[0m Moved: mis/rcovem.f → src/utilities/helpers/rcovem.f
[0;32m✓[0m Moved: mis/rcovim.f → src/utilities/helpers/rcovim.f
[0;32m✓[0m Moved: mis/rcovls.f → src/analysis/static/rcovls.f
[0;32m✓[0m Moved: mis/rcovo.f → src/utilities/output/rcovo.f
[0;32m✓[0m Moved: mis/rcovqv.f → src/utilities/helpers/rcovqv.f
[0;32m✓[0m Moved: mis/rcovr.f → src/utilities/output/rcovr.f
[0;32m✓[0m Moved: mis/rcovr3.f → src/utilities/output/rcovr3.f
[0;32m✓[0m Moved: mis/rcovsl.f → src/utilities/helpers/rcovsl.f
[0;32m✓[0m Moved: mis/rcovui.f → src/utilities/helpers/rcovui.f
[0;32m✓[0m Moved: mis/rcovuo.f → src/utilities/helpers/rcovuo.f
[0;32m✓[0m Moved: mis/rcovva.f → src/utilities/helpers/rcovva.f
[0;32m✓[0m Moved: mis/rdmodx.f → src/analysis/modal/rdmodx.f
[0;32m✓[0m Moved: mis/read1.f → src/analysis/modal/read1.f
[0;32m✓[0m Moved: mis/read2.f → src/analysis/modal/read2.f
[0;32m✓[0m Moved: mis/read3.f → src/analysis/modal/read3.f
[0;32m✓[0m Moved: mis/read4.f → src/analysis/modal/read4.f
[0;32m✓[0m Moved: mis/read6.f → src/analysis/modal/read6.f
[0;32m✓[0m Moved: mis/read7.f → src/analysis/modal/read7.f
[0;32m✓[0m Moved: mis/reduce.f → src/utilities/helpers/reduce.f
[0;32m✓[0m Moved: mis/reig.f → src/analysis/modal/reig.f
[0;32m✓[0m Moved: mis/relabl.f → src/utilities/output/relabl.f
[0;32m✓[0m Moved: mis/remflx.f → src/utilities/helpers/remflx.f
[0;32m✓[0m Moved: mis/rforce.f → src/utilities/helpers/rforce.f
[0;32m✓[0m Moved: mis/rmg.f → src/utilities/helpers/rmg.f
[0;32m✓[0m Moved: mis/rod.f → src/elements/beam/rod.f
[0;32m✓[0m Moved: mis/rodd.f → src/elements/beam/rodd.f
[0;32m✓[0m Moved: mis/rods.f → src/elements/beam/rods.f
[0;32m✓[0m Moved: mis/rsort.f → src/utilities/helpers/rsort.f
[0;32m✓[0m Moved: mis/sbar1.f → src/elements/beam/sbar1.f
[0;32m✓[0m Moved: mis/sbspl2.f → src/elements/shell/sbspl2.f
[0;32m✓[0m Moved: mis/scalar.f → src/utilities/output/scalar.f
[0;32m✓[0m Moved: mis/scan.f → src/utilities/output/scan.f
[0;32m✓[0m Moved: mis/scheme.f → src/utilities/output/scheme.f
[0;32m✓[0m Moved: mis/sdcmps.f → src/utilities/output/sdcmps.f
[0;32m✓[0m Moved: mis/sdcmq.f → src/system/io/sdcmq.f
[0;32m✓[0m Moved: mis/sdcompx.f → src/utilities/output/sdcompx.f
[0;32m✓[0m Moved: mis/sdhtff.f → src/elements/shell/sdhtff.f
[0;32m✓[0m Moved: mis/sdr1.f → src/utilities/output/sdr1.f
[0;32m✓[0m Moved: mis/sdr1a.f → src/utilities/output/sdr1a.f
[0;32m✓[0m Moved: mis/sdr1b.f → src/utilities/output/sdr1b.f
[0;32m✓[0m Moved: mis/sdr2.f → src/utilities/output/sdr2.f
[0;32m✓[0m Moved: mis/sdr2a.f → src/utilities/output/sdr2a.f
[0;32m✓[0m Moved: mis/sdr2aa.f → src/utilities/output/sdr2aa.f
[0;32m✓[0m Moved: mis/sdr2b.f → src/elements/shell/sdr2b.f
[0;32m✓[0m Moved: mis/sdr2c.f → src/utilities/output/sdr2c.f
[0;32m✓[0m Moved: mis/sdr2d.f → src/utilities/output/sdr2d.f
[0;32m✓[0m Moved: mis/sdr2e.f → src/utilities/output/sdr2e.f
[0;32m✓[0m Moved: mis/sdr3.f → src/utilities/output/sdr3.f
[0;32m✓[0m Moved: mis/sdr3a.f → src/utilities/output/sdr3a.f
[0;32m✓[0m Moved: mis/sdretd.f → src/elements/shell/sdretd.f
[0;32m✓[0m Moved: mis/sdrht.f → src/system/database/sdrht.f
[0;32m✓[0m Moved: mis/seemat.f → src/utilities/output/seemat.f
[0;32m✓[0m Moved: mis/selbo1.f → src/analysis/static/selbo1.f
[0;32m✓[0m Moved: mis/semint.f → src/utilities/helpers/semint.f
[0;32m✓[0m Moved: mis/seteq.f → src/utilities/output/seteq.f
[0;32m✓[0m Moved: mis/setinp.f → src/analysis/modal/setinp.f
[0;32m✓[0m Moved: mis/sfarea.f → src/elements/shell/sfarea.f
[0;32m✓[0m Moved: mis/sgen.f → src/utilities/helpers/sgen.f
[0;32m✓[0m Moved: mis/sgena.f → src/utilities/output/sgena.f
[0;32m✓[0m Moved: mis/sgenb.f → src/utilities/output/sgenb.f
[0;32m✓[0m Moved: mis/sgenm.f → src/utilities/output/sgenm.f
[0;32m✓[0m Moved: mis/shcsgd.f → src/utilities/output/shcsgd.f
[0;32m✓[0m Moved: mis/sheard.f → src/analysis/static/sheard.f
[0;32m✓[0m Moved: mis/shears.f → src/analysis/static/shears.f
[0;32m✓[0m Moved: mis/shfors.f → src/utilities/output/shfors.f
[0;32m✓[0m Moved: mis/shgmgd.f → src/elements/shell/shgmgd.f
[0;32m✓[0m Moved: mis/shgmgs.f → src/elements/shell/shgmgs.f
[0;32m✓[0m Moved: mis/shhmgd.f → src/elements/shell/shhmgd.f
[0;32m✓[0m Moved: mis/shlsts.f → src/elements/shell/shlsts.f
[0;32m✓[0m Moved: mis/shsetd.f → src/elements/shell/shsetd.f
[0;32m✓[0m Moved: mis/shsets.f → src/elements/shell/shsets.f
[0;32m✓[0m Moved: mis/shstns.f → src/utilities/output/shstns.f
[0;32m✓[0m Moved: mis/shstts.f → src/utilities/output/shstts.f
[0;32m✓[0m Moved: mis/shtrmd.f → src/elements/shell/shtrmd.f
[0;32m✓[0m Moved: mis/sihex1.f → src/elements/solid/sihex1.f
[0;32m✓[0m Moved: mis/sihex2.f → src/elements/solid/sihex2.f
[0;32m✓[0m Moved: mis/sma1.f → src/analysis/static/sma1.f
[0;32m✓[0m Moved: mis/sma1a.f → src/analysis/static/sma1a.f
[0;32m✓[0m Moved: mis/sma1b.f → src/analysis/static/sma1b.f
[0;32m✓[0m Moved: mis/sma2.f → src/analysis/static/sma2.f
[0;32m✓[0m Moved: mis/sma2a.f → src/analysis/static/sma2a.f
[0;32m✓[0m Moved: mis/sma2b.f → src/analysis/static/sma2b.f
[0;32m✓[0m Moved: mis/sma3.f → src/analysis/static/sma3.f
[0;32m✓[0m Moved: mis/sma3a.f → src/analysis/static/sma3a.f
[0;32m✓[0m Moved: mis/sma3b.f → src/analysis/static/sma3b.f
[0;32m✓[0m Moved: mis/sma3c.f → src/analysis/static/sma3c.f
[0;32m✓[0m Moved: mis/smc2cd.f → src/utilities/output/smc2cd.f
[0;32m✓[0m Moved: mis/smc2cs.f → src/utilities/output/smc2cs.f
[0;32m✓[0m Moved: mis/smc2rd.f → src/utilities/output/smc2rd.f
[0;32m✓[0m Moved: mis/smc2rs.f → src/utilities/output/smc2rs.f
[0;32m✓[0m Moved: mis/smcout.f → src/system/io/smcout.f
[0;32m✓[0m Moved: mis/smcph1.f → src/system/database/smcph1.f
[0;32m✓[0m Moved: mis/smcph2.f → src/utilities/output/smcph2.f
[0;32m✓[0m Moved: mis/smcrtr.f → src/core/solvers/smcrtr.f
[0;32m✓[0m Moved: mis/smcspl.f → src/utilities/output/smcspl.f
[0;32m✓[0m Moved: mis/smleig.f → src/analysis/modal/smleig.f
[0;32m✓[0m Moved: mis/smleig1.f → src/analysis/modal/smleig1.f
[0;32m✓[0m Moved: mis/sofopn.f → src/system/io/sofopn.f
[0;32m✓[0m Moved: mis/softoc.f → src/utilities/output/softoc.f
[0;32m✓[0m Moved: mis/sofut.f → src/utilities/output/sofut.f
[0;32m✓[0m Moved: mis/solid.f → src/elements/solid/solid.f
[0;32m✓[0m Moved: mis/solve.f → src/core/solvers/solve.f
[0;32m✓[0m Moved: mis/solve1.f → src/core/solvers/solve1.f
[0;32m✓[0m Moved: mis/solver.f → src/core/solvers/solver.f
[0;32m✓[0m Moved: mis/sort.f → src/utilities/helpers/sort.f
[0;32m✓[0m Moved: mis/sortdg.f → src/utilities/helpers/sortdg.f
[0;32m✓[0m Moved: mis/sorti.f → src/utilities/helpers/sorti.f
[0;32m✓[0m Moved: mis/spanl2.f → src/utilities/output/spanl2.f
[0;32m✓[0m Moved: mis/sqdm11.f → src/elements/shell/sqdm11.f
[0;32m✓[0m Moved: mis/sqdpl1.f → src/elements/shell/sqdpl1.f
[0;32m✓[0m Moved: mis/squd41.f → src/elements/shell/squd41.f
[0;32m✓[0m Moved: mis/squd42.f → src/elements/shell/squd42.f
[0;32m✓[0m Moved: mis/ss2d82.f → src/utilities/output/ss2d82.f
[0;32m✓[0m Moved: mis/ssg1.f → src/analysis/static/ssg1.f
[0;32m✓[0m Moved: mis/ssg1a.f → src/analysis/static/ssg1a.f
[0;32m✓[0m Moved: mis/ssg2.f → src/analysis/static/ssg2.f
[0;32m✓[0m Moved: mis/ssg2a.f → src/analysis/static/ssg2a.f
[0;32m✓[0m Moved: mis/ssg2b.f → src/analysis/static/ssg2b.f
[0;32m✓[0m Moved: mis/ssg2c.f → src/analysis/static/ssg2c.f
[0;32m✓[0m Moved: mis/ssg3.f → src/analysis/static/ssg3.f
[0;32m✓[0m Moved: mis/ssg3a.f → src/analysis/static/ssg3a.f
[0;32m✓[0m Moved: mis/ssg4.f → src/analysis/static/ssg4.f
[0;32m✓[0m Moved: mis/ssgetd.f → src/analysis/static/ssgetd.f
[0;32m✓[0m Moved: mis/ssght.f → src/analysis/static/ssght.f
[0;32m✓[0m Moved: mis/ssght1.f → src/analysis/static/ssght1.f
[0;32m✓[0m Moved: mis/ssght2.f → src/analysis/static/ssght2.f
[0;32m✓[0m Moved: mis/ssghtp.f → src/analysis/static/ssghtp.f
[0;32m✓[0m Moved: mis/ssgkhi.f → src/analysis/static/ssgkhi.f
[0;32m✓[0m Moved: mis/ssgslt.f → src/analysis/static/ssgslt.f
[0;32m✓[0m Moved: mis/ssold1.f → src/elements/solid/ssold1.f
[0;32m✓[0m Moved: mis/ssold2.f → src/elements/solid/ssold2.f
[0;32m✓[0m Moved: mis/sswtch.f → src/system/database/sswtch.f
[0;32m✓[0m Moved: mis/step.f → src/core/solvers/step.f
[0;32m✓[0m Moved: mis/step2.f → src/core/solvers/step2.f
[0;32m✓[0m Moved: mis/stord1.f → src/analysis/static/stord1.f
[0;32m✓[0m Moved: mis/stpax1.f → src/utilities/parser/stpax1.f
[0;32m✓[0m Moved: mis/stpax2.f → src/utilities/output/stpax2.f
[0;32m✓[0m Moved: mis/stpax3.f → src/utilities/output/stpax3.f
[0;32m✓[0m Moved: mis/strap1.f → src/utilities/output/strap1.f
[0;32m✓[0m Moved: mis/strax2.f → src/utilities/output/strax2.f
[0;32m✓[0m Moved: mis/strax3.f → src/utilities/output/strax3.f
[0;32m✓[0m Moved: mis/strbs1.f → src/utilities/output/strbs1.f
[0;32m✓[0m Moved: mis/stri31.f → src/elements/shell/stri31.f
[0;32m✓[0m Moved: mis/stri32.f → src/utilities/output/stri32.f
[0;32m✓[0m Moved: mis/strir1.f → src/analysis/static/strir1.f
[0;32m✓[0m Moved: mis/strme1.f → src/elements/shell/strme1.f
[0;32m✓[0m Moved: mis/strnam.f → src/elements/shell/strnam.f
[0;32m✓[0m Moved: mis/strp12.f → src/elements/shell/strp12.f
[0;32m✓[0m Moved: mis/strpl1.f → src/elements/shell/strpl1.f
[0;32m✓[0m Moved: mis/strqd1.f → src/elements/shell/strqd1.f
[0;32m✓[0m Moved: mis/strqd2.f → src/elements/shell/strqd2.f
[0;32m✓[0m Moved: mis/strscn.f → src/utilities/output/strscn.f
[0;32m✓[0m Moved: mis/strsl1.f → src/elements/shell/strsl1.f
[0;32m✓[0m Moved: mis/strsl2.f → src/elements/shell/strsl2.f
[0;32m✓[0m Moved: mis/stube1.f → src/elements/beam/stube1.f
[0;32m✓[0m Moved: mis/subph1.f → src/system/database/subph1.f
[0;32m✓[0m Moved: mis/sumphi.f → src/utilities/helpers/sumphi.f
[0;32m✓[0m Moved: mis/suplt.f → src/system/database/suplt.f
[0;32m✓[0m Moved: mis/suwrt.f → src/system/io/suwrt.f
[0;32m✓[0m Moved: mis/t3bmgd.f → src/elements/shell/t3bmgd.f
[0;32m✓[0m Moved: mis/t3bmgs.f → src/elements/shell/t3bmgs.f
[0;32m✓[0m Moved: mis/t3gemd.f → src/elements/beam/t3gemd.f
[0;32m✓[0m Moved: mis/t3gems.f → src/elements/beam/t3gems.f
[0;32m✓[0m Moved: mis/t3pl4d.f → src/elements/shell/t3pl4d.f
[0;32m✓[0m Moved: mis/t3pl4s.f → src/elements/shell/t3pl4s.f
[0;32m✓[0m Moved: mis/ta1.f → src/analysis/static/ta1.f
[0;32m✓[0m Moved: mis/ta1a.f → src/elements/shell/ta1a.f
[0;32m✓[0m Moved: mis/ta1b.f → src/analysis/static/ta1b.f
[0;32m✓[0m Moved: mis/ta1c.f → src/utilities/helpers/ta1c.f
[0;32m✓[0m Moved: mis/ta1ca.f → src/analysis/static/ta1ca.f
[0;32m✓[0m Moved: mis/ta1cpd.f → src/elements/beam/ta1cpd.f
[0;32m✓[0m Moved: mis/ta1cps.f → src/elements/beam/ta1cps.f
[0;32m✓[0m Moved: mis/ta1etd.f → src/analysis/static/ta1etd.f
[0;32m✓[0m Moved: mis/ta1h.f → src/analysis/static/ta1h.f
[0;32m✓[0m Moved: mis/tabfmt.f → src/system/database/tabfmt.f
[0;32m✓[0m Moved: mis/table5.f → src/utilities/output/table5.f
[0;32m✓[0m Moved: mis/tablev.f → src/utilities/parser/tablev.f
[0;32m✓[0m Moved: mis/tabpch.f → src/utilities/output/tabpch.f
[0;32m✓[0m Moved: mis/tabprt.f → src/utilities/output/tabprt.f
[0;32m✓[0m Moved: mis/termsd.f → src/elements/shell/termsd.f
[0;32m✓[0m Moved: mis/termss.f → src/elements/shell/termss.f
[0;32m✓[0m Moved: mis/tetra.f → src/elements/solid/tetra.f
[0;32m✓[0m Moved: mis/timeeq.f → src/elements/beam/timeeq.f
[0;32m✓[0m Moved: mis/timts1.f → src/utilities/helpers/timts1.f
[0;32m✓[0m Moved: mis/timts2.f → src/utilities/output/timts2.f
[0;32m✓[0m Moved: mis/tlodm6.f → src/analysis/static/tlodm6.f
[0;32m✓[0m Moved: mis/tlodsl.f → src/analysis/static/tlodsl.f
[0;32m✓[0m Moved: mis/tlodt1.f → src/analysis/static/tlodt1.f
[0;32m✓[0m Moved: mis/tlqd4d.f → src/elements/shell/tlqd4d.f
[0;32m✓[0m Moved: mis/tlqd4s.f → src/elements/shell/tlqd4s.f
[0;32m✓[0m Moved: mis/tltr3d.f → src/elements/shell/tltr3d.f
[0;32m✓[0m Moved: mis/tltr3s.f → src/elements/shell/tltr3s.f
[0;32m✓[0m Moved: mis/tmtsio.f → src/utilities/helpers/tmtsio.f
[0;32m✓[0m Moved: mis/tordrd.f → src/analysis/static/tordrd.f
[0;32m✓[0m Moved: mis/tordrs.f → src/analysis/static/tordrs.f
[0;32m✓[0m Moved: mis/totape.f → src/system/io/totape.f
[0;32m✓[0m Moved: mis/traile.f → src/utilities/helpers/traile.f
[0;32m✓[0m Moved: mis/tranem.f → src/elements/shell/tranem.f
[0;32m✓[0m Moved: mis/transp.f → src/analysis/dynamic/transp.f
[0;32m✓[0m Moved: mis/trapad.f → src/analysis/static/trapad.f
[0;32m✓[0m Moved: mis/trapax.f → src/analysis/static/trapax.f
[0;32m✓[0m Moved: mis/trbsc.f → src/elements/beam/trbsc.f
[0;32m✓[0m Moved: mis/trbscd.f → src/analysis/modal/trbscd.f
[0;32m✓[0m Moved: mis/trbscs.f → src/analysis/modal/trbscs.f
[0;32m✓[0m Moved: mis/trd.f → src/analysis/modal/trd.f
[0;32m✓[0m Moved: mis/trd1a.f → src/analysis/modal/trd1a.f
[0;32m✓[0m Moved: mis/trd1a2.f → src/analysis/modal/trd1a2.f
[0;32m✓[0m Moved: mis/trd1c.f → src/utilities/helpers/trd1c.f
[0;32m✓[0m Moved: mis/trd1c2.f → src/utilities/helpers/trd1c2.f
[0;32m✓[0m Moved: mis/trd1d.f → src/analysis/modal/trd1d.f
[0;32m✓[0m Moved: mis/trd1d2.f → src/analysis/modal/trd1d2.f
[0;32m✓[0m Moved: mis/trd1e.f → src/analysis/modal/trd1e.f
[0;32m✓[0m Moved: mis/tree.f → src/utilities/output/tree.f
[0;32m✓[0m Moved: mis/trht1c.f → src/utilities/helpers/trht1c.f
[0;32m✓[0m Moved: mis/tria3d.f → src/elements/shell/tria3d.f
[0;32m✓[0m Moved: mis/tria3s.f → src/elements/shell/tria3s.f
[0;32m✓[0m Moved: mis/triaad.f → src/analysis/static/triaad.f
[0;32m✓[0m Moved: mis/triaax.f → src/elements/shell/triaax.f
[0;32m✓[0m Moved: mis/tridi.f → src/utilities/helpers/tridi.f
[0;32m✓[0m Moved: mis/tridi1.f → src/utilities/helpers/tridi1.f
[0;32m✓[0m Moved: mis/trif.f → src/elements/shell/trif.f
[0;32m✓[0m Moved: mis/trimem.f → src/elements/shell/trimem.f
[0;32m✓[0m Moved: mis/triqd.f → src/elements/shell/triqd.f
[0;32m✓[0m Moved: mis/trlg.f → src/system/database/trlg.f
[0;32m✓[0m Moved: mis/trlga.f → src/utilities/helpers/trlga.f
[0;32m✓[0m Moved: mis/trlgb.f → src/utilities/output/trlgb.f
[0;32m✓[0m Moved: mis/trlgc.f → src/system/database/trlgc.f
[0;32m✓[0m Moved: mis/trlgd.f → src/utilities/output/trlgd.f
[0;32m✓[0m Moved: mis/trnsps.f → src/elements/shell/trnsps.f
[0;32m✓[0m Moved: mis/trplmd.f → src/elements/shell/trplmd.f
[0;32m✓[0m Moved: mis/trplms.f → src/elements/shell/trplms.f
[0;32m✓[0m Moved: mis/trplt.f → src/elements/shell/trplt.f
[0;32m✓[0m Moved: mis/tspl1d.f → src/elements/shell/tspl1d.f
[0;32m✓[0m Moved: mis/tspl1s.f → src/elements/shell/tspl1s.f
[0;32m✓[0m Moved: mis/ttlpge.f → src/utilities/output/ttlpge.f
[0;32m✓[0m Moved: mis/ttrapr.f → src/utilities/output/ttrapr.f
[0;32m✓[0m Moved: mis/ttrirg.f → src/utilities/output/ttrirg.f
[0;32m✓[0m Moved: mis/tubed.f → src/elements/beam/tubed.f
[0;32m✓[0m Moved: mis/tubes.f → src/elements/beam/tubes.f
[0;32m✓[0m Moved: mis/twistd.f → src/analysis/static/twistd.f
[0;32m✓[0m Moved: mis/twists.f → src/analysis/static/twists.f
[0;32m✓[0m Moved: mis/typflt.f → src/utilities/parser/typflt.f
[0;32m✓[0m Moved: mis/typint.f → src/utilities/parser/typint.f
[0;32m✓[0m Moved: mis/unpscr.f → src/utilities/helpers/unpscr.f
[0;32m✓[0m Moved: mis/upcase.f → src/elements/aero/upcase.f
[0;32m✓[0m Moved: mis/valvec.f → src/analysis/modal/valvec.f
[0;32m✓[0m Moved: mis/vdrb.f → src/analysis/modal/vdrb.f
[0;32m✓[0m Moved: mis/vecprt.f → src/utilities/output/vecprt.f
[0;32m✓[0m Moved: mis/wavey.f → src/utilities/output/wavey.f
[0;32m✓[0m Moved: mis/wilvec.f → src/analysis/modal/wilvec.f
[0;32m✓[0m Moved: mis/wilvec1.f → src/analysis/modal/wilvec1.f
[0;32m✓[0m Moved: mis/wplt10.f → src/utilities/output/wplt10.f
[0;32m✓[0m Moved: mis/wrtmsg.f → src/utilities/output/wrtmsg.f
[0;32m✓[0m Moved: mis/wrttrl.f → src/utilities/helpers/wrttrl.f
[0;32m✓[0m Moved: mis/xchk.f → src/system/database/xchk.f
[0;32m✓[0m Moved: mis/xcsa.f → src/utilities/output/xcsa.f
[0;32m✓[0m Moved: mis/xdcode.f → src/elements/aero/xdcode.f
[0;32m✓[0m Moved: mis/xfadj1.f → src/utilities/parser/xfadj1.f
[0;32m✓[0m Moved: mis/xfldef.f → src/system/database/xfldef.f
[0;32m✓[0m Moved: mis/xflord.f → src/system/database/xflord.f
[0;32m✓[0m Moved: mis/xgpi.f → src/utilities/parser/xgpi.f
[0;32m✓[0m Moved: mis/xgpibs.f → src/utilities/parser/xgpibs.f
[0;32m✓[0m Moved: mis/xgpidd.f → src/utilities/parser/xgpidd.f
[0;32m✓[0m Moved: mis/xgpidg.f → src/utilities/parser/xgpidg.f
[0;32m✓[0m Moved: mis/xgpimw.f → src/utilities/parser/xgpimw.f
[0;32m✓[0m Moved: mis/xipfl.f → src/system/database/xipfl.f
[0;32m✓[0m Moved: mis/xlnkdd.f → src/system/database/xlnkdd.f
[0;32m✓[0m Moved: mis/xmpldd.f → src/system/database/xmpldd.f
[0;32m✓[0m Moved: mis/xosgen.f → src/system/database/xosgen.f
[0;32m✓[0m Moved: mis/xparam.f → src/system/database/xparam.f
[0;32m✓[0m Moved: mis/xread.f → src/utilities/parser/xread.f
[0;32m✓[0m Moved: mis/xrecps.f → src/elements/aero/xrecps.f
[0;32m✓[0m Moved: mis/xrgdev.f → src/utilities/parser/xrgdev.f
[0;32m✓[0m Moved: mis/xrgdfm.f → src/system/database/xrgdfm.f
[0;32m✓[0m Moved: mis/xrgdtb.f → src/utilities/output/xrgdtb.f
[0;32m✓[0m Moved: mis/xrgnum.f → src/utilities/output/xrgnum.f
[0;32m✓[0m Moved: mis/xrgsst.f → src/system/database/xrgsst.f
[0;32m✓[0m Moved: mis/xrgsub.f → src/system/database/xrgsub.f
[0;32m✓[0m Moved: mis/xscndm.f → src/system/database/xscndm.f
[0;32m✓[0m Moved: mis/xsem00.f → src/system/database/xsem00.f
[0;32m✓[0m Moved: mis/xsfa.f → src/system/database/xsfa.f
[0;32m✓[0m Moved: mis/xsort.f → src/utilities/helpers/xsort.f
[0;32m✓[0m Moved: mis/xsort2.f → src/utilities/helpers/xsort2.f
[0;32m✓[0m Moved: mis/xsosgn.f → src/system/database/xsosgn.f
[0;32m✓[0m Moved: mis/xydump.f → src/utilities/output/xydump.f
[0;32m✓[0m Moved: mis/xyout.f → src/utilities/output/xyout.f
[0;32m✓[0m Moved: mis/xyplot.f → src/utilities/output/xyplot.f
[0;32m✓[0m Moved: mis/xytran.f → src/utilities/output/xytran.f
[0;32m✓[0m Moved: mds/bckrec.f → src/system/io/bckrec.f
[0;32m✓[0m Moved: mds/bldpk.f → src/system/io/bldpk.f
[0;32m✓[0m Moved: mds/bldpki.f → src/system/io/bldpki.f
[0;32m✓[0m Moved: mds/bldpkn.f → src/system/io/bldpkn.f
[0;32m✓[0m Moved: mds/bpack.f → src/system/io/bpack.f
[0;32m✓[0m Moved: mds/btstrp.f → src/system/platform/btstrp.f
[0;32m✓[0m Moved: mds/bufchk.f → src/system/io/bufchk.f
[0;32m✓[0m Moved: mds/bunpak.f → src/system/io/bunpak.f
[0;32m✓[0m Moved: mds/bunpk.f → src/system/io/bunpk.f
[0;32m✓[0m Moved: mds/chkfil.f → src/system/io/chkfil.f
[0;32m✓[0m Moved: mds/close.f → src/system/io/close.f
[0;32m✓[0m Moved: mds/corwds.f → src/system/io/corwds.f
[0;32m✓[0m Moved: mds/cputim.f → src/system/io/cputim.f
[0;32m✓[0m Moved: mds/dbmalb.f → src/system/database/dbmalb.f
[0;32m✓[0m Moved: mds/dbmdfc.f → src/system/database/dbmdfc.f
[0;32m✓[0m Moved: mds/dbmdia.f → src/system/database/dbmdia.f
[0;32m✓[0m Moved: mds/dbmdmp.f → src/system/database/dbmdmp.f
[0;32m✓[0m Moved: mds/dbmfdp.f → src/system/database/dbmfdp.f
[0;32m✓[0m Moved: mds/dbmint.f → src/system/database/dbmint.f
[0;32m✓[0m Moved: mds/dbmio.f → src/system/database/dbmio.f
[0;32m✓[0m Moved: mds/dbmlbk.f → src/system/database/dbmlbk.f
[0;32m✓[0m Moved: mds/dbmmgr.f → src/system/database/dbmmgr.f
[0;32m✓[0m Moved: mds/dbmmov.f → src/system/database/dbmmov.f
[0;32m✓[0m Moved: mds/dbmnam.f → src/system/database/dbmnam.f
[0;32m✓[0m Moved: mds/dbmrel.f → src/system/database/dbmrel.f
[0;32m✓[0m Moved: mds/dbmrlb.f → src/system/database/dbmrlb.f
[0;32m✓[0m Moved: mds/dbmsrf.f → src/system/database/dbmsrf.f
[0;32m✓[0m Moved: mds/dbmstf.f → src/system/database/dbmstf.f
[0;32m✓[0m Moved: mds/defcor.f → src/system/io/defcor.f
[0;32m✓[0m Moved: mds/delscr.f → src/system/io/delscr.f
[0;32m✓[0m Moved: mds/dmpmat.f → src/system/io/dmpmat.f
[0;32m✓[0m Moved: mds/dsblpk.f → src/system/io/dsblpk.f
[0;32m✓[0m Moved: mds/dsbpnk.f → src/system/io/dsbpnk.f
[0;32m✓[0m Moved: mds/dsbrc1.f → src/system/io/dsbrc1.f
[0;32m✓[0m Moved: mds/dsclos.f → src/system/io/dsclos.f
[0;32m✓[0m Moved: mds/dscpos.f → src/system/io/dscpos.f
[0;32m✓[0m Moved: mds/dsefwr.f → src/system/io/dsefwr.f
[0;32m✓[0m Moved: mds/dsfwr1.f → src/system/io/dsfwr1.f
[0;32m✓[0m Moved: mds/dsgefl.f → src/system/io/dsgefl.f
[0;32m✓[0m Moved: mds/dsgncl.f → src/system/io/dsgncl.f
[0;32m✓[0m Moved: mds/dsgnop.f → src/system/io/dsgnop.f
[0;32m✓[0m Moved: mds/dsgnrd.f → src/system/io/dsgnrd.f
[0;32m✓[0m Moved: mds/dsgnwr.f → src/system/io/dsgnwr.f
[0;32m✓[0m Moved: mds/dshxdd.f → src/system/io/dshxdd.f
[0;32m✓[0m Moved: mds/dshxdp.f → src/system/io/dshxdp.f
[0;32m✓[0m Moved: mds/dsinqr.f → src/system/io/dsinqr.f
[0;32m✓[0m Moved: mds/dsiodd.f → src/system/io/dsiodd.f
[0;32m✓[0m Moved: mds/dsipk1.f → src/system/io/dsipk1.f
[0;32m✓[0m Moved: mds/dsmsg.f → src/system/io/dsmsg.f
[0;32m✓[0m Moved: mds/dsmsg1.f → src/system/io/dsmsg1.f
[0;32m✓[0m Moved: mds/dsnmdd.f → src/system/io/dsnmdd.f
[0;32m✓[0m Moved: mds/dsnmrd.f → src/system/io/dsnmrd.f
[0;32m✓[0m Moved: mds/dsnmwr.f → src/system/io/dsnmwr.f
[0;32m✓[0m Moved: mds/dsocff.f → src/system/io/dsocff.f
[0;32m✓[0m Moved: mds/dsopen.f → src/system/io/dsopen.f
[0;32m✓[0m Moved: mds/dsopff.f → src/system/io/dsopff.f
[0;32m✓[0m Moved: mds/dsprcl.f → src/system/io/dsprcl.f
[0;32m✓[0m Moved: mds/dsrdmb.f → src/system/io/dsrdmb.f
[0;32m✓[0m Moved: mds/dsrdnb.f → src/system/io/dsrdnb.f
[0;32m✓[0m Moved: mds/dsrdpb.f → src/system/io/dsrdpb.f
[0;32m✓[0m Moved: mds/dsread.f → src/system/io/dsread.f
[0;32m✓[0m Moved: mds/dsrlse.f → src/system/io/dsrlse.f
[0;32m✓[0m Moved: mds/dssdcb.f → src/system/io/dssdcb.f
[0;32m✓[0m Moved: mds/dssend.f → src/system/io/dssend.f
[0;32m✓[0m Moved: mds/dssize.f → src/system/io/dssize.f
[0;32m✓[0m Moved: mds/dsskfb.f → src/system/io/dsskfb.f
[0;32m✓[0m Moved: mds/dsskff.f → src/system/io/dsskff.f
[0;32m✓[0m Moved: mds/dsskrc.f → src/system/io/dsskrc.f
[0;32m✓[0m Moved: mds/dsspos.f → src/system/io/dsspos.f
[0;32m✓[0m Moved: mds/dsupkc.f → src/system/io/dsupkc.f
[0;32m✓[0m Moved: mds/dswrit.f → src/system/io/dswrit.f
[0;32m✓[0m Moved: mds/dswrnb.f → src/system/io/dswrnb.f
[0;32m✓[0m Moved: mds/dswrt1.f → src/system/io/dswrt1.f
[0;32m✓[0m Moved: mds/dsxfsz.f → src/system/io/dsxfsz.f
[0;32m✓[0m Moved: mds/dszbkk.f → src/system/io/dszbkk.f
[0;32m✓[0m Moved: mds/dummy.f → src/system/platform/dummy.f
[0;32m✓[0m Moved: mds/emgsoc.f → src/system/io/emgsoc.f
[0;32m✓[0m Moved: mds/endget.f → src/system/io/endget.f
[0;32m✓[0m Moved: mds/endgtb.f → src/system/io/endgtb.f
[0;32m✓[0m Moved: mds/endput.f → src/system/io/endput.f
[0;32m✓[0m Moved: mds/eof.f → src/system/io/eof.f
[0;32m✓[0m Moved: mds/errtrc.f → src/system/io/errtrc.f
[0;32m✓[0m Moved: mds/exford.f → src/system/io/exford.f
[0;32m✓[0m Moved: mds/exfort.f → src/system/io/exfort.f
[0;32m✓[0m Moved: mds/exfowr.f → src/system/io/exfowr.f
[0;32m✓[0m Moved: mds/fbsv.f → src/core/solvers/fbsv.f
[0;32m✓[0m Moved: mds/filpos.f → src/system/io/filpos.f
[0;32m✓[0m Moved: mds/forwrt.f → src/system/io/forwrt.f
[0;32m✓[0m Moved: mds/fwdrec.f → src/system/io/fwdrec.f
[0;32m✓[0m Moved: mds/getstb.f → src/system/io/getstb.f
[0;32m✓[0m Moved: mds/getstr.f → src/system/io/getstr.f
[0;32m✓[0m Moved: mds/geturn.f → src/system/io/geturn.f
[0;32m✓[0m Moved: mds/gnfiat.f → src/system/io/gnfiat.f
[0;32m✓[0m Moved: mds/ibmopn.f → src/system/io/ibmopn.f
[0;32m✓[0m Moved: mds/intpk.f → src/system/io/intpk.f
[0;32m✓[0m Moved: mds/intpki.f → src/system/io/intpki.f
[0;32m✓[0m Moved: mds/k2b.f → src/system/io/k2b.f
[0;32m✓[0m Moved: mds/khrbcd.f → src/system/io/khrbcd.f
[0;32m✓[0m Moved: mds/khrfn1.f → src/system/io/khrfn1.f
[0;32m✓[0m Moved: mds/khrfn4.f → src/system/io/khrfn4.f
[0;32m✓[0m Moved: mds/klock.f → src/system/io/klock.f
[0;32m✓[0m Moved: mds/mapfns.f → src/system/io/mapfns.f
[0;32m✓[0m Moved: mds/nasopn.f → src/system/io/nasopn.f
[0;32m✓[0m Moved: mds/nastim.f → src/system/io/nastim.f
[0;32m✓[0m Moved: mds/nastrn.f → src/system/platform/nastrn.f
[0;32m✓[0m Moved: mds/numtyp.f → src/utilities/parser/numtyp.f
[0;32m✓[0m Moved: mds/open.f → src/system/io/open.f
[0;32m✓[0m Moved: mds/pack.f → src/utilities/helpers/pack.f
[0;32m✓[0m Moved: mds/putstr.f → src/system/io/putstr.f
[0;32m✓[0m Moved: mds/qopen.f → src/system/io/qopen.f
[0;32m✓[0m Moved: mds/rdblk.f → src/system/io/rdblk.f
[0;32m✓[0m Moved: mds/read.f → src/system/io/read.f
[0;32m✓[0m Moved: mds/rectyp.f → src/system/io/rectyp.f
[0;32m✓[0m Moved: mds/rewind.f → src/system/io/rewind.f
[0;32m✓[0m Moved: mds/rfopen.f → src/system/io/rfopen.f
[0;32m✓[0m Moved: mds/savpos.f → src/system/io/savpos.f
[0;32m✓[0m Moved: mds/second.f → src/system/io/second.f
[0;32m✓[0m Moved: mds/sgino.f → src/system/io/sgino.f
[0;32m✓[0m Moved: mds/skpfil.f → src/system/io/skpfil.f
[0;32m✓[0m Moved: mds/sofio.f → src/system/io/sofio.f
[0;32m✓[0m Moved: mds/tdate.f → src/system/io/tdate.f
[0;32m✓[0m Moved: mds/umffd.f → src/system/io/umffd.f
[0;32m✓[0m Moved: mds/unpack.f → src/utilities/helpers/unpack.f
[0;32m✓[0m Moved: mds/vaxsch.f → src/system/io/vaxsch.f
[0;32m✓[0m Moved: mds/waltim.f → src/system/io/waltim.f
[0;32m✓[0m Moved: mds/write.f → src/system/io/write.f
[0;32m✓[0m Moved: mds/wrtblk.f → src/system/io/wrtblk.f
[0;32m✓[0m Moved: mds/wrtfmt.f → src/system/io/wrtfmt.f
[0;32m✓[0m Moved: mds/zblpki.f → src/system/io/zblpki.f
[0;32m✓[0m Moved: mds/zntpki.f → src/system/io/zntpki.f
[0;32m✓[0m Moved: bd/dpdcbd.f → src/blockdata/init/dpdcbd.f
[0;32m✓[0m Moved: bd/exiobd.f → src/blockdata/init/exiobd.f
[0;32m✓[0m Moved: bd/ferfbd.f → src/blockdata/init/ferfbd.f
[0;32m✓[0m Moved: bd/flbbd.f → src/blockdata/init/flbbd.f
[0;32m✓[0m Moved: bd/gp3bd.f → src/blockdata/init/gp3bd.f
[0;32m✓[0m Moved: bd/gptabd.f → src/blockdata/init/gptabd.f
[0;32m✓[0m Moved: bd/ifp3bd.f → src/blockdata/init/ifp3bd.f
[0;32m✓[0m Moved: bd/ifx1bd.f → src/blockdata/init/ifx1bd.f
[0;32m✓[0m Moved: bd/ifx2bd.f → src/blockdata/init/ifx2bd.f
[0;32m✓[0m Moved: bd/ifx3bd.f → src/blockdata/init/ifx3bd.f
[0;32m✓[0m Moved: bd/ifx4bd.f → src/blockdata/init/ifx4bd.f
[0;32m✓[0m Moved: bd/ifx5bd.f → src/blockdata/init/ifx5bd.f
[0;32m✓[0m Moved: bd/ifx6bd.f → src/blockdata/init/ifx6bd.f
[0;32m✓[0m Moved: bd/ifx7bd.f → src/blockdata/init/ifx7bd.f
[0;32m✓[0m Moved: bd/itembd.f → src/blockdata/init/itembd.f
[0;32m✓[0m Moved: bd/of1pbd.f → src/blockdata/init/of1pbd.f
[0;32m✓[0m Moved: bd/of2pbd.f → src/blockdata/init/of2pbd.f
[0;32m✓[0m Moved: bd/of3pbd.f → src/blockdata/init/of3pbd.f
[0;32m✓[0m Moved: bd/of3sbd.f → src/blockdata/init/of3sbd.f
[0;32m✓[0m Moved: bd/of4pbd.f → src/blockdata/init/of4pbd.f
[0;32m✓[0m Moved: bd/of5pbd.f → src/blockdata/init/of5pbd.f
[0;32m✓[0m Moved: bd/of6pbd.f → src/blockdata/init/of6pbd.f
[0;32m✓[0m Moved: bd/of7pbd.f → src/blockdata/init/of7pbd.f
[0;32m✓[0m Moved: bd/of7sbd.f → src/blockdata/init/of7sbd.f
[0;32m✓[0m Moved: bd/of8pbd.f → src/blockdata/init/of8pbd.f
[0;32m✓[0m Moved: bd/of9pbd.f → src/blockdata/init/of9pbd.f
[0;32m✓[0m Moved: bd/ofp1bd.f → src/blockdata/init/ofp1bd.f
[0;32m✓[0m Moved: bd/ofp5bd.f → src/blockdata/init/ofp5bd.f
[0;32m✓[0m Moved: bd/ofsnbd.f → src/blockdata/init/ofsnbd.f
[0;32m✓[0m Moved: bd/ofssbd.f → src/blockdata/init/ofssbd.f
[0;32m✓[0m Moved: bd/pla4bd.f → src/blockdata/init/pla4bd.f
[0;32m✓[0m Moved: bd/plotbd.f → src/blockdata/init/plotbd.f
[0;32m✓[0m Moved: bd/readbd.f → src/blockdata/init/readbd.f
[0;32m✓[0m Moved: bd/sdr2bd.f → src/blockdata/init/sdr2bd.f
[0;32m✓[0m Moved: bd/semdbd.f → src/blockdata/init/semdbd.f
[0;32m✓[0m Moved: bd/sma1bd.f → src/blockdata/init/sma1bd.f
[0;32m✓[0m Moved: bd/sma2bd.f → src/blockdata/init/sma2bd.f
[0;32m✓[0m Moved: bd/ta1abd.f → src/blockdata/init/ta1abd.f
[0;32m✓[0m Moved: bd/tabfbd.f → src/blockdata/init/tabfbd.f
[0;32m✓[0m Moved: bd/vdrbd.f → src/blockdata/init/vdrbd.f
[0;32m✓[0m Moved: um/nasthelp.f → src/utilities/helpers/nasthelp.f
[0;32m✓[0m Moved: utility/ff.f → src/utilities/helpers/ff.f
[0;32m✓[0m Moved: utility/nastplot.f → src/utilities/helpers/nastplot.f

[0;34m================================================================================================[0m
[0;34mMigration Summary[0m
[0;34m================================================================================================[0m

Files processed: 1112
Files skipped: 735
Errors: 0

Files by category:
------------------------------------------------------------------------------------------------
  utilities/output                                    167 files
  elements/shell                                      129 files
  system/io                                           122 files
  utilities/helpers                                   108 files
  analysis/static                                      89 files
  analysis/modal                                       76 files
  system/database                                      73 files
  elements/beam                                        58 files
  elements/aero                                        57 files
  core/matrices                                        49 files
  core/solvers                                         41 files
  blockdata/init                                       40 files
  core/algorithms                                      39 files
  utilities/parser                                     35 files
  elements/solid                                       18 files
  analysis/dynamic                                      8 files
  system/platform                                       3 files

[0;32mMigration complete![0m

Next steps:
1. Review moved files: git status
2. Test build system
3. Commit changes: git commit -m 'Phase 3: Reorganize source files'

